ARM GAS  C:\Users\weiyi\AppData\Local\Temp\cc7it64w.s 			page 1


   1              		.cpu cortex-m3
   2              		.eabi_attribute 20, 1
   3              		.eabi_attribute 21, 1
   4              		.eabi_attribute 23, 3
   5              		.eabi_attribute 24, 1
   6              		.eabi_attribute 25, 1
   7              		.eabi_attribute 26, 1
   8              		.eabi_attribute 30, 1
   9              		.eabi_attribute 34, 1
  10              		.eabi_attribute 18, 4
  11              		.file	"dma_transport.c"
  12              		.text
  13              	.Ltext0:
  14              		.cfi_sections	.debug_frame
  15              		.section	.text.cubemx_transport_open,"ax",%progbits
  16              		.align	1
  17              		.global	cubemx_transport_open
  18              		.arch armv7-m
  19              		.syntax unified
  20              		.thumb
  21              		.thumb_func
  22              		.fpu softvfp
  24              	cubemx_transport_open:
  25              	.LVL0:
  26              	.LFB72:
  27              		.file 1 "micro_ros_stm32cubemx_utils/extra_sources/microros_transports/dma_transport.c"
   1:micro_ros_stm32cubemx_utils/extra_sources/microros_transports/dma_transport.c **** #include <uxr/client/transport.h>
   2:micro_ros_stm32cubemx_utils/extra_sources/microros_transports/dma_transport.c **** 
   3:micro_ros_stm32cubemx_utils/extra_sources/microros_transports/dma_transport.c **** #include <rmw_microxrcedds_c/config.h>
   4:micro_ros_stm32cubemx_utils/extra_sources/microros_transports/dma_transport.c **** 
   5:micro_ros_stm32cubemx_utils/extra_sources/microros_transports/dma_transport.c **** #include "main.h"
   6:micro_ros_stm32cubemx_utils/extra_sources/microros_transports/dma_transport.c **** #include "cmsis_os.h"
   7:micro_ros_stm32cubemx_utils/extra_sources/microros_transports/dma_transport.c **** 
   8:micro_ros_stm32cubemx_utils/extra_sources/microros_transports/dma_transport.c **** #include <unistd.h>
   9:micro_ros_stm32cubemx_utils/extra_sources/microros_transports/dma_transport.c **** #include <stdio.h>
  10:micro_ros_stm32cubemx_utils/extra_sources/microros_transports/dma_transport.c **** #include <string.h>
  11:micro_ros_stm32cubemx_utils/extra_sources/microros_transports/dma_transport.c **** #include <stdbool.h>
  12:micro_ros_stm32cubemx_utils/extra_sources/microros_transports/dma_transport.c **** 
  13:micro_ros_stm32cubemx_utils/extra_sources/microros_transports/dma_transport.c **** #ifdef RMW_UXRCE_TRANSPORT_CUSTOM
  14:micro_ros_stm32cubemx_utils/extra_sources/microros_transports/dma_transport.c **** 
  15:micro_ros_stm32cubemx_utils/extra_sources/microros_transports/dma_transport.c **** // --- micro-ROS Transports ---
  16:micro_ros_stm32cubemx_utils/extra_sources/microros_transports/dma_transport.c **** #define UART_DMA_BUFFER_SIZE 2048
  17:micro_ros_stm32cubemx_utils/extra_sources/microros_transports/dma_transport.c **** 
  18:micro_ros_stm32cubemx_utils/extra_sources/microros_transports/dma_transport.c **** static uint8_t dma_buffer[UART_DMA_BUFFER_SIZE];
  19:micro_ros_stm32cubemx_utils/extra_sources/microros_transports/dma_transport.c **** static size_t dma_head = 0, dma_tail = 0;
  20:micro_ros_stm32cubemx_utils/extra_sources/microros_transports/dma_transport.c **** 
  21:micro_ros_stm32cubemx_utils/extra_sources/microros_transports/dma_transport.c **** bool cubemx_transport_open(struct uxrCustomTransport * transport){
  28              		.loc 1 21 66 view -0
  29              		.cfi_startproc
  30              		@ args = 0, pretend = 0, frame = 0
  31              		@ frame_needed = 0, uses_anonymous_args = 0
  32              		.loc 1 21 66 is_stmt 0 view .LVU1
  33 0000 08B5     		push	{r3, lr}
  34              	.LCFI0:
  35              		.cfi_def_cfa_offset 8
  36              		.cfi_offset 3, -8
  37              		.cfi_offset 14, -4
ARM GAS  C:\Users\weiyi\AppData\Local\Temp\cc7it64w.s 			page 2


  22:micro_ros_stm32cubemx_utils/extra_sources/microros_transports/dma_transport.c ****     UART_HandleTypeDef * uart = (UART_HandleTypeDef*) transport->args;
  38              		.loc 1 22 5 is_stmt 1 view .LVU2
  39              	.LVL1:
  23:micro_ros_stm32cubemx_utils/extra_sources/microros_transports/dma_transport.c ****     HAL_UART_Receive_DMA(uart, dma_buffer, UART_DMA_BUFFER_SIZE);
  40              		.loc 1 23 5 view .LVU3
  41 0002 4FF40062 		mov	r2, #2048
  42 0006 0349     		ldr	r1, .L3
  43 0008 D0F88C02 		ldr	r0, [r0, #652]
  44              	.LVL2:
  45              		.loc 1 23 5 is_stmt 0 view .LVU4
  46 000c FFF7FEFF 		bl	HAL_UART_Receive_DMA
  47              	.LVL3:
  24:micro_ros_stm32cubemx_utils/extra_sources/microros_transports/dma_transport.c ****     return true;
  48              		.loc 1 24 5 is_stmt 1 view .LVU5
  25:micro_ros_stm32cubemx_utils/extra_sources/microros_transports/dma_transport.c **** }
  49              		.loc 1 25 1 is_stmt 0 view .LVU6
  50 0010 0120     		movs	r0, #1
  51 0012 08BD     		pop	{r3, pc}
  52              	.L4:
  53              		.align	2
  54              	.L3:
  55 0014 00000000 		.word	.LANCHOR0
  56              		.cfi_endproc
  57              	.LFE72:
  59              		.section	.text.cubemx_transport_close,"ax",%progbits
  60              		.align	1
  61              		.global	cubemx_transport_close
  62              		.syntax unified
  63              		.thumb
  64              		.thumb_func
  65              		.fpu softvfp
  67              	cubemx_transport_close:
  68              	.LVL4:
  69              	.LFB73:
  26:micro_ros_stm32cubemx_utils/extra_sources/microros_transports/dma_transport.c **** 
  27:micro_ros_stm32cubemx_utils/extra_sources/microros_transports/dma_transport.c **** bool cubemx_transport_close(struct uxrCustomTransport * transport){
  70              		.loc 1 27 67 is_stmt 1 view -0
  71              		.cfi_startproc
  72              		@ args = 0, pretend = 0, frame = 0
  73              		@ frame_needed = 0, uses_anonymous_args = 0
  74              		.loc 1 27 67 is_stmt 0 view .LVU8
  75 0000 08B5     		push	{r3, lr}
  76              	.LCFI1:
  77              		.cfi_def_cfa_offset 8
  78              		.cfi_offset 3, -8
  79              		.cfi_offset 14, -4
  28:micro_ros_stm32cubemx_utils/extra_sources/microros_transports/dma_transport.c ****     UART_HandleTypeDef * uart = (UART_HandleTypeDef*) transport->args;
  80              		.loc 1 28 5 is_stmt 1 view .LVU9
  81              	.LVL5:
  29:micro_ros_stm32cubemx_utils/extra_sources/microros_transports/dma_transport.c ****     HAL_UART_DMAStop(uart);
  82              		.loc 1 29 5 view .LVU10
  83 0002 D0F88C02 		ldr	r0, [r0, #652]
  84              	.LVL6:
  85              		.loc 1 29 5 is_stmt 0 view .LVU11
  86 0006 FFF7FEFF 		bl	HAL_UART_DMAStop
  87              	.LVL7:
  30:micro_ros_stm32cubemx_utils/extra_sources/microros_transports/dma_transport.c ****     return true;
ARM GAS  C:\Users\weiyi\AppData\Local\Temp\cc7it64w.s 			page 3


  88              		.loc 1 30 5 is_stmt 1 view .LVU12
  31:micro_ros_stm32cubemx_utils/extra_sources/microros_transports/dma_transport.c **** }
  89              		.loc 1 31 1 is_stmt 0 view .LVU13
  90 000a 0120     		movs	r0, #1
  91 000c 08BD     		pop	{r3, pc}
  92              		.cfi_endproc
  93              	.LFE73:
  95              		.section	.text.cubemx_transport_write,"ax",%progbits
  96              		.align	1
  97              		.global	cubemx_transport_write
  98              		.syntax unified
  99              		.thumb
 100              		.thumb_func
 101              		.fpu softvfp
 103              	cubemx_transport_write:
 104              	.LVL8:
 105              	.LFB74:
  32:micro_ros_stm32cubemx_utils/extra_sources/microros_transports/dma_transport.c **** 
  33:micro_ros_stm32cubemx_utils/extra_sources/microros_transports/dma_transport.c **** size_t cubemx_transport_write(struct uxrCustomTransport* transport, uint8_t * buf, size_t len, uint
 106              		.loc 1 33 110 is_stmt 1 view -0
 107              		.cfi_startproc
 108              		@ args = 0, pretend = 0, frame = 0
 109              		@ frame_needed = 0, uses_anonymous_args = 0
 110              		.loc 1 33 110 is_stmt 0 view .LVU15
 111 0000 70B5     		push	{r4, r5, r6, lr}
 112              	.LCFI2:
 113              		.cfi_def_cfa_offset 16
 114              		.cfi_offset 4, -16
 115              		.cfi_offset 5, -12
 116              		.cfi_offset 6, -8
 117              		.cfi_offset 14, -4
  34:micro_ros_stm32cubemx_utils/extra_sources/microros_transports/dma_transport.c ****     UART_HandleTypeDef * uart = (UART_HandleTypeDef*) transport->args;
 118              		.loc 1 34 5 is_stmt 1 view .LVU16
 119              		.loc 1 34 26 is_stmt 0 view .LVU17
 120 0002 D0F88C52 		ldr	r5, [r0, #652]
 121              	.LVL9:
  35:micro_ros_stm32cubemx_utils/extra_sources/microros_transports/dma_transport.c **** 
  36:micro_ros_stm32cubemx_utils/extra_sources/microros_transports/dma_transport.c ****     HAL_StatusTypeDef ret;
 122              		.loc 1 36 5 is_stmt 1 view .LVU18
  37:micro_ros_stm32cubemx_utils/extra_sources/microros_transports/dma_transport.c ****     if (uart->gState == HAL_UART_STATE_READY){
 123              		.loc 1 37 5 view .LVU19
 124              		.loc 1 37 13 is_stmt 0 view .LVU20
 125 0006 95F84130 		ldrb	r3, [r5, #65]	@ zero_extendqisi2
 126              	.LVL10:
 127              		.loc 1 37 13 view .LVU21
 128 000a DBB2     		uxtb	r3, r3
 129              		.loc 1 37 8 view .LVU22
 130 000c 202B     		cmp	r3, #32
 131 000e 01D0     		beq	.L16
  38:micro_ros_stm32cubemx_utils/extra_sources/microros_transports/dma_transport.c ****         ret = HAL_UART_Transmit_DMA(uart, buf, len);
  39:micro_ros_stm32cubemx_utils/extra_sources/microros_transports/dma_transport.c ****         while (ret == HAL_OK && uart->gState != HAL_UART_STATE_READY){
  40:micro_ros_stm32cubemx_utils/extra_sources/microros_transports/dma_transport.c ****             osDelay(1);
  41:micro_ros_stm32cubemx_utils/extra_sources/microros_transports/dma_transport.c ****         }
  42:micro_ros_stm32cubemx_utils/extra_sources/microros_transports/dma_transport.c **** 
  43:micro_ros_stm32cubemx_utils/extra_sources/microros_transports/dma_transport.c ****         return (ret == HAL_OK) ? len : 0;
  44:micro_ros_stm32cubemx_utils/extra_sources/microros_transports/dma_transport.c ****     }else{
  45:micro_ros_stm32cubemx_utils/extra_sources/microros_transports/dma_transport.c ****         return 0;
ARM GAS  C:\Users\weiyi\AppData\Local\Temp\cc7it64w.s 			page 4


 132              		.loc 1 45 16 view .LVU23
 133 0010 0020     		movs	r0, #0
 134              	.LVL11:
 135              	.L7:
  46:micro_ros_stm32cubemx_utils/extra_sources/microros_transports/dma_transport.c ****     }
  47:micro_ros_stm32cubemx_utils/extra_sources/microros_transports/dma_transport.c **** }
 136              		.loc 1 47 1 view .LVU24
 137 0012 70BD     		pop	{r4, r5, r6, pc}
 138              	.LVL12:
 139              	.L16:
 140              		.loc 1 47 1 view .LVU25
 141 0014 1446     		mov	r4, r2
  38:micro_ros_stm32cubemx_utils/extra_sources/microros_transports/dma_transport.c ****         ret = HAL_UART_Transmit_DMA(uart, buf, len);
 142              		.loc 1 38 9 is_stmt 1 view .LVU26
  38:micro_ros_stm32cubemx_utils/extra_sources/microros_transports/dma_transport.c ****         ret = HAL_UART_Transmit_DMA(uart, buf, len);
 143              		.loc 1 38 15 is_stmt 0 view .LVU27
 144 0016 92B2     		uxth	r2, r2
 145              	.LVL13:
  38:micro_ros_stm32cubemx_utils/extra_sources/microros_transports/dma_transport.c ****         ret = HAL_UART_Transmit_DMA(uart, buf, len);
 146              		.loc 1 38 15 view .LVU28
 147 0018 2846     		mov	r0, r5
 148              	.LVL14:
  38:micro_ros_stm32cubemx_utils/extra_sources/microros_transports/dma_transport.c ****         ret = HAL_UART_Transmit_DMA(uart, buf, len);
 149              		.loc 1 38 15 view .LVU29
 150 001a FFF7FEFF 		bl	HAL_UART_Transmit_DMA
 151              	.LVL15:
  38:micro_ros_stm32cubemx_utils/extra_sources/microros_transports/dma_transport.c ****         ret = HAL_UART_Transmit_DMA(uart, buf, len);
 152              		.loc 1 38 15 view .LVU30
 153 001e 0646     		mov	r6, r0
 154              	.LVL16:
  39:micro_ros_stm32cubemx_utils/extra_sources/microros_transports/dma_transport.c ****             osDelay(1);
 155              		.loc 1 39 9 is_stmt 1 view .LVU31
 156              	.L9:
  39:micro_ros_stm32cubemx_utils/extra_sources/microros_transports/dma_transport.c ****             osDelay(1);
 157              		.loc 1 39 15 view .LVU32
 158 0020 46B9     		cbnz	r6, .L10
  39:micro_ros_stm32cubemx_utils/extra_sources/microros_transports/dma_transport.c ****             osDelay(1);
 159              		.loc 1 39 37 is_stmt 0 discriminator 1 view .LVU33
 160 0022 95F84130 		ldrb	r3, [r5, #65]	@ zero_extendqisi2
 161 0026 DBB2     		uxtb	r3, r3
  39:micro_ros_stm32cubemx_utils/extra_sources/microros_transports/dma_transport.c ****             osDelay(1);
 162              		.loc 1 39 30 discriminator 1 view .LVU34
 163 0028 202B     		cmp	r3, #32
 164 002a 03D0     		beq	.L10
  40:micro_ros_stm32cubemx_utils/extra_sources/microros_transports/dma_transport.c ****         }
 165              		.loc 1 40 13 is_stmt 1 view .LVU35
 166 002c 0120     		movs	r0, #1
 167 002e FFF7FEFF 		bl	osDelay
 168              	.LVL17:
 169 0032 F5E7     		b	.L9
 170              	.L10:
  43:micro_ros_stm32cubemx_utils/extra_sources/microros_transports/dma_transport.c ****     }else{
 171              		.loc 1 43 9 view .LVU36
  43:micro_ros_stm32cubemx_utils/extra_sources/microros_transports/dma_transport.c ****     }else{
 172              		.loc 1 43 38 is_stmt 0 view .LVU37
 173 0034 0EB9     		cbnz	r6, .L14
 174 0036 2046     		mov	r0, r4
ARM GAS  C:\Users\weiyi\AppData\Local\Temp\cc7it64w.s 			page 5


 175 0038 EBE7     		b	.L7
 176              	.L14:
  43:micro_ros_stm32cubemx_utils/extra_sources/microros_transports/dma_transport.c ****     }else{
 177              		.loc 1 43 38 view .LVU38
 178 003a 0020     		movs	r0, #0
 179 003c E9E7     		b	.L7
 180              		.cfi_endproc
 181              	.LFE74:
 183              		.section	.text.cubemx_transport_read,"ax",%progbits
 184              		.align	1
 185              		.global	cubemx_transport_read
 186              		.syntax unified
 187              		.thumb
 188              		.thumb_func
 189              		.fpu softvfp
 191              	cubemx_transport_read:
 192              	.LVL18:
 193              	.LFB75:
  48:micro_ros_stm32cubemx_utils/extra_sources/microros_transports/dma_transport.c **** 
  49:micro_ros_stm32cubemx_utils/extra_sources/microros_transports/dma_transport.c **** size_t cubemx_transport_read(struct uxrCustomTransport* transport, uint8_t* buf, size_t len, int ti
 194              		.loc 1 49 120 is_stmt 1 view -0
 195              		.cfi_startproc
 196              		@ args = 4, pretend = 0, frame = 0
 197              		@ frame_needed = 0, uses_anonymous_args = 0
 198              		.loc 1 49 120 is_stmt 0 view .LVU40
 199 0000 2DE9F843 		push	{r3, r4, r5, r6, r7, r8, r9, lr}
 200              	.LCFI3:
 201              		.cfi_def_cfa_offset 32
 202              		.cfi_offset 3, -32
 203              		.cfi_offset 4, -28
 204              		.cfi_offset 5, -24
 205              		.cfi_offset 6, -20
 206              		.cfi_offset 7, -16
 207              		.cfi_offset 8, -12
 208              		.cfi_offset 9, -8
 209              		.cfi_offset 14, -4
 210 0004 0D46     		mov	r5, r1
 211 0006 1446     		mov	r4, r2
 212 0008 1F46     		mov	r7, r3
  50:micro_ros_stm32cubemx_utils/extra_sources/microros_transports/dma_transport.c ****     UART_HandleTypeDef * uart = (UART_HandleTypeDef*) transport->args;
 213              		.loc 1 50 5 is_stmt 1 view .LVU41
 214              		.loc 1 50 26 is_stmt 0 view .LVU42
 215 000a D0F88C82 		ldr	r8, [r0, #652]
 216              	.LVL19:
  51:micro_ros_stm32cubemx_utils/extra_sources/microros_transports/dma_transport.c **** 
  52:micro_ros_stm32cubemx_utils/extra_sources/microros_transports/dma_transport.c ****     int ms_used = 0;
 217              		.loc 1 52 5 is_stmt 1 view .LVU43
 218              		.loc 1 52 9 is_stmt 0 view .LVU44
 219 000e 0026     		movs	r6, #0
 220              	.LVL20:
 221              	.L19:
  53:micro_ros_stm32cubemx_utils/extra_sources/microros_transports/dma_transport.c ****     do
 222              		.loc 1 53 5 is_stmt 1 discriminator 2 view .LVU45
  54:micro_ros_stm32cubemx_utils/extra_sources/microros_transports/dma_transport.c ****     {
  55:micro_ros_stm32cubemx_utils/extra_sources/microros_transports/dma_transport.c ****         __disable_irq();
 223              		.loc 1 55 9 discriminator 2 view .LVU46
 224              	.LBB6:
ARM GAS  C:\Users\weiyi\AppData\Local\Temp\cc7it64w.s 			page 6


 225              	.LBI6:
 226              		.file 2 "Drivers/CMSIS/Include/cmsis_gcc.h"
   1:Drivers/CMSIS/Include/cmsis_gcc.h **** /**************************************************************************//**
   2:Drivers/CMSIS/Include/cmsis_gcc.h ****  * @file     cmsis_gcc.h
   3:Drivers/CMSIS/Include/cmsis_gcc.h ****  * @brief    CMSIS compiler GCC header file
   4:Drivers/CMSIS/Include/cmsis_gcc.h ****  * @version  V5.0.4
   5:Drivers/CMSIS/Include/cmsis_gcc.h ****  * @date     09. April 2018
   6:Drivers/CMSIS/Include/cmsis_gcc.h ****  ******************************************************************************/
   7:Drivers/CMSIS/Include/cmsis_gcc.h **** /*
   8:Drivers/CMSIS/Include/cmsis_gcc.h ****  * Copyright (c) 2009-2018 Arm Limited. All rights reserved.
   9:Drivers/CMSIS/Include/cmsis_gcc.h ****  *
  10:Drivers/CMSIS/Include/cmsis_gcc.h ****  * SPDX-License-Identifier: Apache-2.0
  11:Drivers/CMSIS/Include/cmsis_gcc.h ****  *
  12:Drivers/CMSIS/Include/cmsis_gcc.h ****  * Licensed under the Apache License, Version 2.0 (the License); you may
  13:Drivers/CMSIS/Include/cmsis_gcc.h ****  * not use this file except in compliance with the License.
  14:Drivers/CMSIS/Include/cmsis_gcc.h ****  * You may obtain a copy of the License at
  15:Drivers/CMSIS/Include/cmsis_gcc.h ****  *
  16:Drivers/CMSIS/Include/cmsis_gcc.h ****  * www.apache.org/licenses/LICENSE-2.0
  17:Drivers/CMSIS/Include/cmsis_gcc.h ****  *
  18:Drivers/CMSIS/Include/cmsis_gcc.h ****  * Unless required by applicable law or agreed to in writing, software
  19:Drivers/CMSIS/Include/cmsis_gcc.h ****  * distributed under the License is distributed on an AS IS BASIS, WITHOUT
  20:Drivers/CMSIS/Include/cmsis_gcc.h ****  * WARRANTIES OR CONDITIONS OF ANY KIND, either express or implied.
  21:Drivers/CMSIS/Include/cmsis_gcc.h ****  * See the License for the specific language governing permissions and
  22:Drivers/CMSIS/Include/cmsis_gcc.h ****  * limitations under the License.
  23:Drivers/CMSIS/Include/cmsis_gcc.h ****  */
  24:Drivers/CMSIS/Include/cmsis_gcc.h **** 
  25:Drivers/CMSIS/Include/cmsis_gcc.h **** #ifndef __CMSIS_GCC_H
  26:Drivers/CMSIS/Include/cmsis_gcc.h **** #define __CMSIS_GCC_H
  27:Drivers/CMSIS/Include/cmsis_gcc.h **** 
  28:Drivers/CMSIS/Include/cmsis_gcc.h **** /* ignore some GCC warnings */
  29:Drivers/CMSIS/Include/cmsis_gcc.h **** #pragma GCC diagnostic push
  30:Drivers/CMSIS/Include/cmsis_gcc.h **** #pragma GCC diagnostic ignored "-Wsign-conversion"
  31:Drivers/CMSIS/Include/cmsis_gcc.h **** #pragma GCC diagnostic ignored "-Wconversion"
  32:Drivers/CMSIS/Include/cmsis_gcc.h **** #pragma GCC diagnostic ignored "-Wunused-parameter"
  33:Drivers/CMSIS/Include/cmsis_gcc.h **** 
  34:Drivers/CMSIS/Include/cmsis_gcc.h **** /* Fallback for __has_builtin */
  35:Drivers/CMSIS/Include/cmsis_gcc.h **** #ifndef __has_builtin
  36:Drivers/CMSIS/Include/cmsis_gcc.h ****   #define __has_builtin(x) (0)
  37:Drivers/CMSIS/Include/cmsis_gcc.h **** #endif
  38:Drivers/CMSIS/Include/cmsis_gcc.h **** 
  39:Drivers/CMSIS/Include/cmsis_gcc.h **** /* CMSIS compiler specific defines */
  40:Drivers/CMSIS/Include/cmsis_gcc.h **** #ifndef   __ASM
  41:Drivers/CMSIS/Include/cmsis_gcc.h ****   #define __ASM                                  __asm
  42:Drivers/CMSIS/Include/cmsis_gcc.h **** #endif
  43:Drivers/CMSIS/Include/cmsis_gcc.h **** #ifndef   __INLINE
  44:Drivers/CMSIS/Include/cmsis_gcc.h ****   #define __INLINE                               inline
  45:Drivers/CMSIS/Include/cmsis_gcc.h **** #endif
  46:Drivers/CMSIS/Include/cmsis_gcc.h **** #ifndef   __STATIC_INLINE
  47:Drivers/CMSIS/Include/cmsis_gcc.h ****   #define __STATIC_INLINE                        static inline
  48:Drivers/CMSIS/Include/cmsis_gcc.h **** #endif
  49:Drivers/CMSIS/Include/cmsis_gcc.h **** #ifndef   __STATIC_FORCEINLINE                 
  50:Drivers/CMSIS/Include/cmsis_gcc.h ****   #define __STATIC_FORCEINLINE                   __attribute__((always_inline)) static inline
  51:Drivers/CMSIS/Include/cmsis_gcc.h **** #endif                                           
  52:Drivers/CMSIS/Include/cmsis_gcc.h **** #ifndef   __NO_RETURN
  53:Drivers/CMSIS/Include/cmsis_gcc.h ****   #define __NO_RETURN                            __attribute__((__noreturn__))
  54:Drivers/CMSIS/Include/cmsis_gcc.h **** #endif
  55:Drivers/CMSIS/Include/cmsis_gcc.h **** #ifndef   __USED
ARM GAS  C:\Users\weiyi\AppData\Local\Temp\cc7it64w.s 			page 7


  56:Drivers/CMSIS/Include/cmsis_gcc.h ****   #define __USED                                 __attribute__((used))
  57:Drivers/CMSIS/Include/cmsis_gcc.h **** #endif
  58:Drivers/CMSIS/Include/cmsis_gcc.h **** #ifndef   __WEAK
  59:Drivers/CMSIS/Include/cmsis_gcc.h ****   #define __WEAK                                 __attribute__((weak))
  60:Drivers/CMSIS/Include/cmsis_gcc.h **** #endif
  61:Drivers/CMSIS/Include/cmsis_gcc.h **** #ifndef   __PACKED
  62:Drivers/CMSIS/Include/cmsis_gcc.h ****   #define __PACKED                               __attribute__((packed, aligned(1)))
  63:Drivers/CMSIS/Include/cmsis_gcc.h **** #endif
  64:Drivers/CMSIS/Include/cmsis_gcc.h **** #ifndef   __PACKED_STRUCT
  65:Drivers/CMSIS/Include/cmsis_gcc.h ****   #define __PACKED_STRUCT                        struct __attribute__((packed, aligned(1)))
  66:Drivers/CMSIS/Include/cmsis_gcc.h **** #endif
  67:Drivers/CMSIS/Include/cmsis_gcc.h **** #ifndef   __PACKED_UNION
  68:Drivers/CMSIS/Include/cmsis_gcc.h ****   #define __PACKED_UNION                         union __attribute__((packed, aligned(1)))
  69:Drivers/CMSIS/Include/cmsis_gcc.h **** #endif
  70:Drivers/CMSIS/Include/cmsis_gcc.h **** #ifndef   __UNALIGNED_UINT32        /* deprecated */
  71:Drivers/CMSIS/Include/cmsis_gcc.h ****   #pragma GCC diagnostic push
  72:Drivers/CMSIS/Include/cmsis_gcc.h ****   #pragma GCC diagnostic ignored "-Wpacked"
  73:Drivers/CMSIS/Include/cmsis_gcc.h ****   #pragma GCC diagnostic ignored "-Wattributes"
  74:Drivers/CMSIS/Include/cmsis_gcc.h ****   struct __attribute__((packed)) T_UINT32 { uint32_t v; };
  75:Drivers/CMSIS/Include/cmsis_gcc.h ****   #pragma GCC diagnostic pop
  76:Drivers/CMSIS/Include/cmsis_gcc.h ****   #define __UNALIGNED_UINT32(x)                  (((struct T_UINT32 *)(x))->v)
  77:Drivers/CMSIS/Include/cmsis_gcc.h **** #endif
  78:Drivers/CMSIS/Include/cmsis_gcc.h **** #ifndef   __UNALIGNED_UINT16_WRITE
  79:Drivers/CMSIS/Include/cmsis_gcc.h ****   #pragma GCC diagnostic push
  80:Drivers/CMSIS/Include/cmsis_gcc.h ****   #pragma GCC diagnostic ignored "-Wpacked"
  81:Drivers/CMSIS/Include/cmsis_gcc.h ****   #pragma GCC diagnostic ignored "-Wattributes"
  82:Drivers/CMSIS/Include/cmsis_gcc.h ****   __PACKED_STRUCT T_UINT16_WRITE { uint16_t v; };
  83:Drivers/CMSIS/Include/cmsis_gcc.h ****   #pragma GCC diagnostic pop
  84:Drivers/CMSIS/Include/cmsis_gcc.h ****   #define __UNALIGNED_UINT16_WRITE(addr, val)    (void)((((struct T_UINT16_WRITE *)(void *)(addr))-
  85:Drivers/CMSIS/Include/cmsis_gcc.h **** #endif
  86:Drivers/CMSIS/Include/cmsis_gcc.h **** #ifndef   __UNALIGNED_UINT16_READ
  87:Drivers/CMSIS/Include/cmsis_gcc.h ****   #pragma GCC diagnostic push
  88:Drivers/CMSIS/Include/cmsis_gcc.h ****   #pragma GCC diagnostic ignored "-Wpacked"
  89:Drivers/CMSIS/Include/cmsis_gcc.h ****   #pragma GCC diagnostic ignored "-Wattributes"
  90:Drivers/CMSIS/Include/cmsis_gcc.h ****   __PACKED_STRUCT T_UINT16_READ { uint16_t v; };
  91:Drivers/CMSIS/Include/cmsis_gcc.h ****   #pragma GCC diagnostic pop
  92:Drivers/CMSIS/Include/cmsis_gcc.h ****   #define __UNALIGNED_UINT16_READ(addr)          (((const struct T_UINT16_READ *)(const void *)(add
  93:Drivers/CMSIS/Include/cmsis_gcc.h **** #endif
  94:Drivers/CMSIS/Include/cmsis_gcc.h **** #ifndef   __UNALIGNED_UINT32_WRITE
  95:Drivers/CMSIS/Include/cmsis_gcc.h ****   #pragma GCC diagnostic push
  96:Drivers/CMSIS/Include/cmsis_gcc.h ****   #pragma GCC diagnostic ignored "-Wpacked"
  97:Drivers/CMSIS/Include/cmsis_gcc.h ****   #pragma GCC diagnostic ignored "-Wattributes"
  98:Drivers/CMSIS/Include/cmsis_gcc.h ****   __PACKED_STRUCT T_UINT32_WRITE { uint32_t v; };
  99:Drivers/CMSIS/Include/cmsis_gcc.h ****   #pragma GCC diagnostic pop
 100:Drivers/CMSIS/Include/cmsis_gcc.h ****   #define __UNALIGNED_UINT32_WRITE(addr, val)    (void)((((struct T_UINT32_WRITE *)(void *)(addr))-
 101:Drivers/CMSIS/Include/cmsis_gcc.h **** #endif
 102:Drivers/CMSIS/Include/cmsis_gcc.h **** #ifndef   __UNALIGNED_UINT32_READ
 103:Drivers/CMSIS/Include/cmsis_gcc.h ****   #pragma GCC diagnostic push
 104:Drivers/CMSIS/Include/cmsis_gcc.h ****   #pragma GCC diagnostic ignored "-Wpacked"
 105:Drivers/CMSIS/Include/cmsis_gcc.h ****   #pragma GCC diagnostic ignored "-Wattributes"
 106:Drivers/CMSIS/Include/cmsis_gcc.h ****   __PACKED_STRUCT T_UINT32_READ { uint32_t v; };
 107:Drivers/CMSIS/Include/cmsis_gcc.h ****   #pragma GCC diagnostic pop
 108:Drivers/CMSIS/Include/cmsis_gcc.h ****   #define __UNALIGNED_UINT32_READ(addr)          (((const struct T_UINT32_READ *)(const void *)(add
 109:Drivers/CMSIS/Include/cmsis_gcc.h **** #endif
 110:Drivers/CMSIS/Include/cmsis_gcc.h **** #ifndef   __ALIGNED
 111:Drivers/CMSIS/Include/cmsis_gcc.h ****   #define __ALIGNED(x)                           __attribute__((aligned(x)))
 112:Drivers/CMSIS/Include/cmsis_gcc.h **** #endif
ARM GAS  C:\Users\weiyi\AppData\Local\Temp\cc7it64w.s 			page 8


 113:Drivers/CMSIS/Include/cmsis_gcc.h **** #ifndef   __RESTRICT
 114:Drivers/CMSIS/Include/cmsis_gcc.h ****   #define __RESTRICT                             __restrict
 115:Drivers/CMSIS/Include/cmsis_gcc.h **** #endif
 116:Drivers/CMSIS/Include/cmsis_gcc.h **** 
 117:Drivers/CMSIS/Include/cmsis_gcc.h **** 
 118:Drivers/CMSIS/Include/cmsis_gcc.h **** /* ###########################  Core Function Access  ########################### */
 119:Drivers/CMSIS/Include/cmsis_gcc.h **** /** \ingroup  CMSIS_Core_FunctionInterface
 120:Drivers/CMSIS/Include/cmsis_gcc.h ****     \defgroup CMSIS_Core_RegAccFunctions CMSIS Core Register Access Functions
 121:Drivers/CMSIS/Include/cmsis_gcc.h ****   @{
 122:Drivers/CMSIS/Include/cmsis_gcc.h ****  */
 123:Drivers/CMSIS/Include/cmsis_gcc.h **** 
 124:Drivers/CMSIS/Include/cmsis_gcc.h **** /**
 125:Drivers/CMSIS/Include/cmsis_gcc.h ****   \brief   Enable IRQ Interrupts
 126:Drivers/CMSIS/Include/cmsis_gcc.h ****   \details Enables IRQ interrupts by clearing the I-bit in the CPSR.
 127:Drivers/CMSIS/Include/cmsis_gcc.h ****            Can only be executed in Privileged modes.
 128:Drivers/CMSIS/Include/cmsis_gcc.h ****  */
 129:Drivers/CMSIS/Include/cmsis_gcc.h **** __STATIC_FORCEINLINE void __enable_irq(void)
 130:Drivers/CMSIS/Include/cmsis_gcc.h **** {
 131:Drivers/CMSIS/Include/cmsis_gcc.h ****   __ASM volatile ("cpsie i" : : : "memory");
 132:Drivers/CMSIS/Include/cmsis_gcc.h **** }
 133:Drivers/CMSIS/Include/cmsis_gcc.h **** 
 134:Drivers/CMSIS/Include/cmsis_gcc.h **** 
 135:Drivers/CMSIS/Include/cmsis_gcc.h **** /**
 136:Drivers/CMSIS/Include/cmsis_gcc.h ****   \brief   Disable IRQ Interrupts
 137:Drivers/CMSIS/Include/cmsis_gcc.h ****   \details Disables IRQ interrupts by setting the I-bit in the CPSR.
 138:Drivers/CMSIS/Include/cmsis_gcc.h ****            Can only be executed in Privileged modes.
 139:Drivers/CMSIS/Include/cmsis_gcc.h ****  */
 140:Drivers/CMSIS/Include/cmsis_gcc.h **** __STATIC_FORCEINLINE void __disable_irq(void)
 227              		.loc 2 140 27 discriminator 2 view .LVU47
 228              	.LBB7:
 141:Drivers/CMSIS/Include/cmsis_gcc.h **** {
 142:Drivers/CMSIS/Include/cmsis_gcc.h ****   __ASM volatile ("cpsid i" : : : "memory");
 229              		.loc 2 142 3 discriminator 2 view .LVU48
 230              		.syntax unified
 231              	@ 142 "Drivers/CMSIS/Include/cmsis_gcc.h" 1
 232 0010 72B6     		cpsid i
 233              	@ 0 "" 2
 234              		.thumb
 235              		.syntax unified
 236              	.LBE7:
 237              	.LBE6:
  56:micro_ros_stm32cubemx_utils/extra_sources/microros_transports/dma_transport.c ****         dma_tail = UART_DMA_BUFFER_SIZE - __HAL_DMA_GET_COUNTER(uart->hdmarx);
 238              		.loc 1 56 9 discriminator 2 view .LVU49
 239              		.loc 1 56 43 is_stmt 0 discriminator 2 view .LVU50
 240 0012 D8F83C30 		ldr	r3, [r8, #60]
 241 0016 1B68     		ldr	r3, [r3]
 242 0018 5868     		ldr	r0, [r3, #4]
 243              		.loc 1 56 41 discriminator 2 view .LVU51
 244 001a C0F50060 		rsb	r0, r0, #2048
 245              		.loc 1 56 18 discriminator 2 view .LVU52
 246 001e DFF84C90 		ldr	r9, .L25
 247 0022 C9F80000 		str	r0, [r9]
  57:micro_ros_stm32cubemx_utils/extra_sources/microros_transports/dma_transport.c ****         __enable_irq();
 248              		.loc 1 57 9 is_stmt 1 discriminator 2 view .LVU53
 249              	.LBB8:
 250              	.LBI8:
 129:Drivers/CMSIS/Include/cmsis_gcc.h **** {
ARM GAS  C:\Users\weiyi\AppData\Local\Temp\cc7it64w.s 			page 9


 251              		.loc 2 129 27 discriminator 2 view .LVU54
 252              	.LBB9:
 131:Drivers/CMSIS/Include/cmsis_gcc.h **** }
 253              		.loc 2 131 3 discriminator 2 view .LVU55
 254              		.syntax unified
 255              	@ 131 "Drivers/CMSIS/Include/cmsis_gcc.h" 1
 256 0026 62B6     		cpsie i
 257              	@ 0 "" 2
 258              		.thumb
 259              		.syntax unified
 260              	.LBE9:
 261              	.LBE8:
  58:micro_ros_stm32cubemx_utils/extra_sources/microros_transports/dma_transport.c ****         ms_used++;
 262              		.loc 1 58 9 discriminator 2 view .LVU56
 263              		.loc 1 58 16 is_stmt 0 discriminator 2 view .LVU57
 264 0028 0136     		adds	r6, r6, #1
 265              	.LVL21:
  59:micro_ros_stm32cubemx_utils/extra_sources/microros_transports/dma_transport.c ****         osDelay(portTICK_RATE_MS);
 266              		.loc 1 59 9 is_stmt 1 discriminator 2 view .LVU58
 267 002a 0120     		movs	r0, #1
 268 002c FFF7FEFF 		bl	osDelay
 269              	.LVL22:
  60:micro_ros_stm32cubemx_utils/extra_sources/microros_transports/dma_transport.c ****     } while (dma_head == dma_tail && ms_used < timeout);
 270              		.loc 1 60 13 discriminator 2 view .LVU59
 271              		.loc 1 60 23 is_stmt 0 discriminator 2 view .LVU60
 272 0030 0F4B     		ldr	r3, .L25+4
 273 0032 1B68     		ldr	r3, [r3]
 274 0034 D9F80020 		ldr	r2, [r9]
 275              		.loc 1 60 5 discriminator 2 view .LVU61
 276 0038 9342     		cmp	r3, r2
 277 003a 14D1     		bne	.L23
 278              		.loc 1 60 35 discriminator 1 view .LVU62
 279 003c BE42     		cmp	r6, r7
 280 003e E7DB     		blt	.L19
 281 0040 0020     		movs	r0, #0
 282 0042 08E0     		b	.L20
 283              	.LVL23:
 284              	.L22:
  61:micro_ros_stm32cubemx_utils/extra_sources/microros_transports/dma_transport.c ****     
  62:micro_ros_stm32cubemx_utils/extra_sources/microros_transports/dma_transport.c ****     size_t wrote = 0;
  63:micro_ros_stm32cubemx_utils/extra_sources/microros_transports/dma_transport.c ****     while ((dma_head != dma_tail) && (wrote < len)){
  64:micro_ros_stm32cubemx_utils/extra_sources/microros_transports/dma_transport.c ****         buf[wrote] = dma_buffer[dma_head];
 285              		.loc 1 64 9 is_stmt 1 view .LVU63
 286              		.loc 1 64 32 is_stmt 0 view .LVU64
 287 0044 0B49     		ldr	r1, .L25+8
 288 0046 C95C     		ldrb	r1, [r1, r3]	@ zero_extendqisi2
 289              		.loc 1 64 20 view .LVU65
 290 0048 2954     		strb	r1, [r5, r0]
  65:micro_ros_stm32cubemx_utils/extra_sources/microros_transports/dma_transport.c ****         dma_head = (dma_head + 1) % UART_DMA_BUFFER_SIZE;
 291              		.loc 1 65 9 is_stmt 1 view .LVU66
 292              		.loc 1 65 30 is_stmt 0 view .LVU67
 293 004a 0133     		adds	r3, r3, #1
 294              		.loc 1 65 35 view .LVU68
 295 004c C3F30A03 		ubfx	r3, r3, #0, #11
 296              		.loc 1 65 18 view .LVU69
 297 0050 0749     		ldr	r1, .L25+4
 298 0052 0B60     		str	r3, [r1]
ARM GAS  C:\Users\weiyi\AppData\Local\Temp\cc7it64w.s 			page 10


  66:micro_ros_stm32cubemx_utils/extra_sources/microros_transports/dma_transport.c ****         wrote++;
 299              		.loc 1 66 9 is_stmt 1 view .LVU70
 300              		.loc 1 66 14 is_stmt 0 view .LVU71
 301 0054 0130     		adds	r0, r0, #1
 302              	.LVL24:
 303              	.L20:
  63:micro_ros_stm32cubemx_utils/extra_sources/microros_transports/dma_transport.c ****         buf[wrote] = dma_buffer[dma_head];
 304              		.loc 1 63 11 is_stmt 1 view .LVU72
  63:micro_ros_stm32cubemx_utils/extra_sources/microros_transports/dma_transport.c ****         buf[wrote] = dma_buffer[dma_head];
 305              		.loc 1 63 22 is_stmt 0 view .LVU73
 306 0056 064B     		ldr	r3, .L25+4
 307 0058 1B68     		ldr	r3, [r3]
  63:micro_ros_stm32cubemx_utils/extra_sources/microros_transports/dma_transport.c ****         buf[wrote] = dma_buffer[dma_head];
 308              		.loc 1 63 11 view .LVU74
 309 005a 9A42     		cmp	r2, r3
 310 005c 01D0     		beq	.L17
  63:micro_ros_stm32cubemx_utils/extra_sources/microros_transports/dma_transport.c ****         buf[wrote] = dma_buffer[dma_head];
 311              		.loc 1 63 35 discriminator 1 view .LVU75
 312 005e A042     		cmp	r0, r4
 313 0060 F0D3     		bcc	.L22
 314              	.L17:
  67:micro_ros_stm32cubemx_utils/extra_sources/microros_transports/dma_transport.c ****     }
  68:micro_ros_stm32cubemx_utils/extra_sources/microros_transports/dma_transport.c ****     
  69:micro_ros_stm32cubemx_utils/extra_sources/microros_transports/dma_transport.c ****     return wrote;
  70:micro_ros_stm32cubemx_utils/extra_sources/microros_transports/dma_transport.c **** }
 315              		.loc 1 70 1 view .LVU76
 316 0062 BDE8F883 		pop	{r3, r4, r5, r6, r7, r8, r9, pc}
 317              	.LVL25:
 318              	.L23:
 319              		.loc 1 70 1 view .LVU77
 320 0066 0020     		movs	r0, #0
 321 0068 F5E7     		b	.L20
 322              	.L26:
 323 006a 00BF     		.align	2
 324              	.L25:
 325 006c 00000000 		.word	.LANCHOR1
 326 0070 00000000 		.word	.LANCHOR2
 327 0074 00000000 		.word	.LANCHOR0
 328              		.cfi_endproc
 329              	.LFE75:
 331              		.section	.bss.dma_buffer,"aw",%nobits
 332              		.align	2
 333              		.set	.LANCHOR0,. + 0
 336              	dma_buffer:
 337 0000 00000000 		.space	2048
 337      00000000 
 337      00000000 
 337      00000000 
 337      00000000 
 338              		.section	.bss.dma_head,"aw",%nobits
 339              		.align	2
 340              		.set	.LANCHOR2,. + 0
 343              	dma_head:
 344 0000 00000000 		.space	4
 345              		.section	.bss.dma_tail,"aw",%nobits
 346              		.align	2
 347              		.set	.LANCHOR1,. + 0
ARM GAS  C:\Users\weiyi\AppData\Local\Temp\cc7it64w.s 			page 11


 350              	dma_tail:
 351 0000 00000000 		.space	4
 352              		.text
 353              	.Letext0:
 354              		.file 3 "d:\\clion\\gcc-arm-none-eabi-10.3-2021.07-win32\\gcc-arm-none-eabi-10.3-2021.07\\arm-none
 355              		.file 4 "d:\\clion\\gcc-arm-none-eabi-10.3-2021.07-win32\\gcc-arm-none-eabi-10.3-2021.07\\arm-none
 356              		.file 5 "d:\\clion\\gcc-arm-none-eabi-10.3-2021.07-win32\\gcc-arm-none-eabi-10.3-2021.07\\lib\\gcc
 357              		.file 6 "micro_ros_stm32cubemx_utils/microros_static_library/libmicroros/microros_include/uxr/clie
 358              		.file 7 "micro_ros_stm32cubemx_utils/microros_static_library/libmicroros/microros_include/uxr/clie
 359              		.file 8 "micro_ros_stm32cubemx_utils/microros_static_library/libmicroros/microros_include/uxr/clie
 360              		.file 9 "Drivers/CMSIS/Device/ST/STM32F1xx/Include/stm32f103xe.h"
 361              		.file 10 "Drivers/STM32F1xx_HAL_Driver/Inc/stm32f1xx_hal_def.h"
 362              		.file 11 "Drivers/STM32F1xx_HAL_Driver/Inc/stm32f1xx_hal_dma.h"
 363              		.file 12 "Drivers/STM32F1xx_HAL_Driver/Inc/stm32f1xx_hal_uart.h"
 364              		.file 13 "Middlewares/Third_Party/FreeRTOS/Source/portable/GCC/ARM_CM3/portmacro.h"
 365              		.file 14 "Middlewares/Third_Party/FreeRTOS/Source/CMSIS_RTOS_V2/cmsis_os2.h"
ARM GAS  C:\Users\weiyi\AppData\Local\Temp\cc7it64w.s 			page 12


DEFINED SYMBOLS
                            *ABS*:00000000 dma_transport.c
C:\Users\weiyi\AppData\Local\Temp\cc7it64w.s:16     .text.cubemx_transport_open:00000000 $t
C:\Users\weiyi\AppData\Local\Temp\cc7it64w.s:24     .text.cubemx_transport_open:00000000 cubemx_transport_open
C:\Users\weiyi\AppData\Local\Temp\cc7it64w.s:55     .text.cubemx_transport_open:00000014 $d
C:\Users\weiyi\AppData\Local\Temp\cc7it64w.s:60     .text.cubemx_transport_close:00000000 $t
C:\Users\weiyi\AppData\Local\Temp\cc7it64w.s:67     .text.cubemx_transport_close:00000000 cubemx_transport_close
C:\Users\weiyi\AppData\Local\Temp\cc7it64w.s:96     .text.cubemx_transport_write:00000000 $t
C:\Users\weiyi\AppData\Local\Temp\cc7it64w.s:103    .text.cubemx_transport_write:00000000 cubemx_transport_write
C:\Users\weiyi\AppData\Local\Temp\cc7it64w.s:184    .text.cubemx_transport_read:00000000 $t
C:\Users\weiyi\AppData\Local\Temp\cc7it64w.s:191    .text.cubemx_transport_read:00000000 cubemx_transport_read
C:\Users\weiyi\AppData\Local\Temp\cc7it64w.s:325    .text.cubemx_transport_read:0000006c $d
C:\Users\weiyi\AppData\Local\Temp\cc7it64w.s:332    .bss.dma_buffer:00000000 $d
C:\Users\weiyi\AppData\Local\Temp\cc7it64w.s:336    .bss.dma_buffer:00000000 dma_buffer
C:\Users\weiyi\AppData\Local\Temp\cc7it64w.s:339    .bss.dma_head:00000000 $d
C:\Users\weiyi\AppData\Local\Temp\cc7it64w.s:343    .bss.dma_head:00000000 dma_head
C:\Users\weiyi\AppData\Local\Temp\cc7it64w.s:346    .bss.dma_tail:00000000 $d
C:\Users\weiyi\AppData\Local\Temp\cc7it64w.s:350    .bss.dma_tail:00000000 dma_tail

UNDEFINED SYMBOLS
HAL_UART_Receive_DMA
HAL_UART_DMAStop
HAL_UART_Transmit_DMA
osDelay
