ARM GAS  C:\Users\weiyi\AppData\Local\Temp\cct0diUd.s 			page 1


   1              		.cpu cortex-m3
   2              		.eabi_attribute 20, 1
   3              		.eabi_attribute 21, 1
   4              		.eabi_attribute 23, 3
   5              		.eabi_attribute 24, 1
   6              		.eabi_attribute 25, 1
   7              		.eabi_attribute 26, 1
   8              		.eabi_attribute 30, 1
   9              		.eabi_attribute 34, 1
  10              		.eabi_attribute 18, 4
  11              		.file	"microros_allocators.c"
  12              		.text
  13              	.Ltext0:
  14              		.cfi_sections	.debug_frame
  15              		.section	.text.microros_allocate,"ax",%progbits
  16              		.align	1
  17              		.global	microros_allocate
  18              		.arch armv7-m
  19              		.syntax unified
  20              		.thumb
  21              		.thumb_func
  22              		.fpu softvfp
  24              	microros_allocate:
  25              	.LVL0:
  26              	.LFB4:
  27              		.file 1 "micro_ros_stm32cubemx_utils/extra_sources/microros_allocators.c"
   1:micro_ros_stm32cubemx_utils/extra_sources/microros_allocators.c **** 
   2:micro_ros_stm32cubemx_utils/extra_sources/microros_allocators.c **** #include <unistd.h>
   3:micro_ros_stm32cubemx_utils/extra_sources/microros_allocators.c **** #include "cmsis_os.h"
   4:micro_ros_stm32cubemx_utils/extra_sources/microros_allocators.c **** 
   5:micro_ros_stm32cubemx_utils/extra_sources/microros_allocators.c **** int absoluteUsedMemory = 0;
   6:micro_ros_stm32cubemx_utils/extra_sources/microros_allocators.c **** int usedMemory = 0;
   7:micro_ros_stm32cubemx_utils/extra_sources/microros_allocators.c **** 
   8:micro_ros_stm32cubemx_utils/extra_sources/microros_allocators.c **** void *pvPortMallocMicroROS( size_t xWantedSize );
   9:micro_ros_stm32cubemx_utils/extra_sources/microros_allocators.c **** void vPortFreeMicroROS( void *pv );
  10:micro_ros_stm32cubemx_utils/extra_sources/microros_allocators.c **** void *pvPortReallocMicroROS( void *pv, size_t xWantedSize );
  11:micro_ros_stm32cubemx_utils/extra_sources/microros_allocators.c **** size_t getBlockSize( void *pv );
  12:micro_ros_stm32cubemx_utils/extra_sources/microros_allocators.c **** void *pvPortCallocMicroROS( size_t num, size_t xWantedSize );
  13:micro_ros_stm32cubemx_utils/extra_sources/microros_allocators.c **** 
  14:micro_ros_stm32cubemx_utils/extra_sources/microros_allocators.c **** void * microros_allocate(size_t size, void * state){
  28              		.loc 1 14 52 view -0
  29              		.cfi_startproc
  30              		@ args = 0, pretend = 0, frame = 0
  31              		@ frame_needed = 0, uses_anonymous_args = 0
  32              		.loc 1 14 52 is_stmt 0 view .LVU1
  33 0000 08B5     		push	{r3, lr}
  34              	.LCFI0:
  35              		.cfi_def_cfa_offset 8
  36              		.cfi_offset 3, -8
  37              		.cfi_offset 14, -4
  38 0002 0346     		mov	r3, r0
  15:micro_ros_stm32cubemx_utils/extra_sources/microros_allocators.c ****   (void) state;
  39              		.loc 1 15 3 is_stmt 1 view .LVU2
  16:micro_ros_stm32cubemx_utils/extra_sources/microros_allocators.c ****   // printf("-- Alloc %d (prev: %d B)\n",size, xPortGetFreeHeapSize());
  17:micro_ros_stm32cubemx_utils/extra_sources/microros_allocators.c ****   absoluteUsedMemory += size;
  40              		.loc 1 17 3 view .LVU3
  41              		.loc 1 17 22 is_stmt 0 view .LVU4
ARM GAS  C:\Users\weiyi\AppData\Local\Temp\cct0diUd.s 			page 2


  42 0004 0549     		ldr	r1, .L3
  43              	.LVL1:
  44              		.loc 1 17 22 view .LVU5
  45 0006 0A68     		ldr	r2, [r1]
  46 0008 0244     		add	r2, r2, r0
  47 000a 0A60     		str	r2, [r1]
  18:micro_ros_stm32cubemx_utils/extra_sources/microros_allocators.c ****   usedMemory += size;
  48              		.loc 1 18 3 is_stmt 1 view .LVU6
  49              		.loc 1 18 14 is_stmt 0 view .LVU7
  50 000c 0449     		ldr	r1, .L3+4
  51 000e 0A68     		ldr	r2, [r1]
  52 0010 1344     		add	r3, r3, r2
  53 0012 0B60     		str	r3, [r1]
  19:micro_ros_stm32cubemx_utils/extra_sources/microros_allocators.c ****   return pvPortMallocMicroROS(size);
  54              		.loc 1 19 3 is_stmt 1 view .LVU8
  55              		.loc 1 19 10 is_stmt 0 view .LVU9
  56 0014 FFF7FEFF 		bl	pvPortMallocMicroROS
  57              	.LVL2:
  20:micro_ros_stm32cubemx_utils/extra_sources/microros_allocators.c **** }
  58              		.loc 1 20 1 view .LVU10
  59 0018 08BD     		pop	{r3, pc}
  60              	.L4:
  61 001a 00BF     		.align	2
  62              	.L3:
  63 001c 00000000 		.word	.LANCHOR0
  64 0020 00000000 		.word	.LANCHOR1
  65              		.cfi_endproc
  66              	.LFE4:
  68              		.section	.text.microros_deallocate,"ax",%progbits
  69              		.align	1
  70              		.global	microros_deallocate
  71              		.syntax unified
  72              		.thumb
  73              		.thumb_func
  74              		.fpu softvfp
  76              	microros_deallocate:
  77              	.LVL3:
  78              	.LFB5:
  21:micro_ros_stm32cubemx_utils/extra_sources/microros_allocators.c **** 
  22:micro_ros_stm32cubemx_utils/extra_sources/microros_allocators.c **** void microros_deallocate(void * pointer, void * state){
  79              		.loc 1 22 55 is_stmt 1 view -0
  80              		.cfi_startproc
  81              		@ args = 0, pretend = 0, frame = 0
  82              		@ frame_needed = 0, uses_anonymous_args = 0
  23:micro_ros_stm32cubemx_utils/extra_sources/microros_allocators.c ****   (void) state;
  83              		.loc 1 23 3 view .LVU12
  24:micro_ros_stm32cubemx_utils/extra_sources/microros_allocators.c ****   // printf("-- Free %d (prev: %d B)\n",getBlockSize(pointer), xPortGetFreeHeapSize());
  25:micro_ros_stm32cubemx_utils/extra_sources/microros_allocators.c ****   if (NULL != pointer){
  84              		.loc 1 25 3 view .LVU13
  85              		.loc 1 25 6 is_stmt 0 view .LVU14
  86 0000 58B1     		cbz	r0, .L8
  22:micro_ros_stm32cubemx_utils/extra_sources/microros_allocators.c ****   (void) state;
  87              		.loc 1 22 55 view .LVU15
  88 0002 10B5     		push	{r4, lr}
  89              	.LCFI1:
  90              		.cfi_def_cfa_offset 8
  91              		.cfi_offset 4, -8
ARM GAS  C:\Users\weiyi\AppData\Local\Temp\cct0diUd.s 			page 3


  92              		.cfi_offset 14, -4
  93 0004 0446     		mov	r4, r0
  26:micro_ros_stm32cubemx_utils/extra_sources/microros_allocators.c ****     usedMemory -= getBlockSize(pointer);
  94              		.loc 1 26 5 is_stmt 1 view .LVU16
  95              		.loc 1 26 19 is_stmt 0 view .LVU17
  96 0006 FFF7FEFF 		bl	getBlockSize
  97              	.LVL4:
  98              		.loc 1 26 16 view .LVU18
  99 000a 044A     		ldr	r2, .L11
 100 000c 1368     		ldr	r3, [r2]
 101 000e 1B1A     		subs	r3, r3, r0
 102 0010 1360     		str	r3, [r2]
  27:micro_ros_stm32cubemx_utils/extra_sources/microros_allocators.c ****     vPortFreeMicroROS(pointer);
 103              		.loc 1 27 5 is_stmt 1 view .LVU19
 104 0012 2046     		mov	r0, r4
 105 0014 FFF7FEFF 		bl	vPortFreeMicroROS
 106              	.LVL5:
  28:micro_ros_stm32cubemx_utils/extra_sources/microros_allocators.c ****   }
  29:micro_ros_stm32cubemx_utils/extra_sources/microros_allocators.c **** }
 107              		.loc 1 29 1 is_stmt 0 view .LVU20
 108 0018 10BD     		pop	{r4, pc}
 109              	.LVL6:
 110              	.L8:
 111              	.LCFI2:
 112              		.cfi_def_cfa_offset 0
 113              		.cfi_restore 4
 114              		.cfi_restore 14
 115              		.loc 1 29 1 view .LVU21
 116 001a 7047     		bx	lr
 117              	.L12:
 118              		.align	2
 119              	.L11:
 120 001c 00000000 		.word	.LANCHOR1
 121              		.cfi_endproc
 122              	.LFE5:
 124              		.section	.text.microros_reallocate,"ax",%progbits
 125              		.align	1
 126              		.global	microros_reallocate
 127              		.syntax unified
 128              		.thumb
 129              		.thumb_func
 130              		.fpu softvfp
 132              	microros_reallocate:
 133              	.LVL7:
 134              	.LFB6:
  30:micro_ros_stm32cubemx_utils/extra_sources/microros_allocators.c **** 
  31:micro_ros_stm32cubemx_utils/extra_sources/microros_allocators.c **** void * microros_reallocate(void * pointer, size_t size, void * state){
 135              		.loc 1 31 70 is_stmt 1 view -0
 136              		.cfi_startproc
 137              		@ args = 0, pretend = 0, frame = 0
 138              		@ frame_needed = 0, uses_anonymous_args = 0
 139              		.loc 1 31 70 is_stmt 0 view .LVU23
 140 0000 38B5     		push	{r3, r4, r5, lr}
 141              	.LCFI3:
 142              		.cfi_def_cfa_offset 16
 143              		.cfi_offset 3, -16
 144              		.cfi_offset 4, -12
ARM GAS  C:\Users\weiyi\AppData\Local\Temp\cct0diUd.s 			page 4


 145              		.cfi_offset 5, -8
 146              		.cfi_offset 14, -4
 147 0002 0C46     		mov	r4, r1
  32:micro_ros_stm32cubemx_utils/extra_sources/microros_allocators.c ****   (void) state;
 148              		.loc 1 32 3 is_stmt 1 view .LVU24
  33:micro_ros_stm32cubemx_utils/extra_sources/microros_allocators.c ****   // printf("-- Realloc %d -> %d (prev: %d B)\n",getBlockSize(pointer),size, xPortGetFreeHeapSize()
  34:micro_ros_stm32cubemx_utils/extra_sources/microros_allocators.c ****   absoluteUsedMemory += size;
 149              		.loc 1 34 3 view .LVU25
 150              		.loc 1 34 22 is_stmt 0 view .LVU26
 151 0004 0C4A     		ldr	r2, .L18
 152              	.LVL8:
 153              		.loc 1 34 22 view .LVU27
 154 0006 1368     		ldr	r3, [r2]
 155 0008 0B44     		add	r3, r3, r1
 156 000a 1360     		str	r3, [r2]
  35:micro_ros_stm32cubemx_utils/extra_sources/microros_allocators.c ****   usedMemory += size;
 157              		.loc 1 35 3 is_stmt 1 view .LVU28
 158              		.loc 1 35 14 is_stmt 0 view .LVU29
 159 000c 0B4A     		ldr	r2, .L18+4
 160 000e 1368     		ldr	r3, [r2]
 161 0010 0B44     		add	r3, r3, r1
 162 0012 1360     		str	r3, [r2]
  36:micro_ros_stm32cubemx_utils/extra_sources/microros_allocators.c ****   if (NULL == pointer){
 163              		.loc 1 36 3 is_stmt 1 view .LVU30
 164              		.loc 1 36 6 is_stmt 0 view .LVU31
 165 0014 58B1     		cbz	r0, .L17
 166 0016 0546     		mov	r5, r0
  37:micro_ros_stm32cubemx_utils/extra_sources/microros_allocators.c ****     return pvPortMallocMicroROS(size);
  38:micro_ros_stm32cubemx_utils/extra_sources/microros_allocators.c ****   } else {
  39:micro_ros_stm32cubemx_utils/extra_sources/microros_allocators.c ****     usedMemory -= getBlockSize(pointer);
 167              		.loc 1 39 5 is_stmt 1 view .LVU32
 168              		.loc 1 39 19 is_stmt 0 view .LVU33
 169 0018 FFF7FEFF 		bl	getBlockSize
 170              	.LVL9:
 171              		.loc 1 39 16 view .LVU34
 172 001c 074A     		ldr	r2, .L18+4
 173 001e 1368     		ldr	r3, [r2]
 174 0020 1B1A     		subs	r3, r3, r0
 175 0022 1360     		str	r3, [r2]
  40:micro_ros_stm32cubemx_utils/extra_sources/microros_allocators.c ****     return pvPortReallocMicroROS(pointer,size);
 176              		.loc 1 40 5 is_stmt 1 view .LVU35
 177              		.loc 1 40 12 is_stmt 0 view .LVU36
 178 0024 2146     		mov	r1, r4
 179 0026 2846     		mov	r0, r5
 180 0028 FFF7FEFF 		bl	pvPortReallocMicroROS
 181              	.LVL10:
 182              	.L13:
  41:micro_ros_stm32cubemx_utils/extra_sources/microros_allocators.c ****   }
  42:micro_ros_stm32cubemx_utils/extra_sources/microros_allocators.c **** }
 183              		.loc 1 42 1 view .LVU37
 184 002c 38BD     		pop	{r3, r4, r5, pc}
 185              	.LVL11:
 186              	.L17:
  37:micro_ros_stm32cubemx_utils/extra_sources/microros_allocators.c ****   } else {
 187              		.loc 1 37 5 is_stmt 1 view .LVU38
  37:micro_ros_stm32cubemx_utils/extra_sources/microros_allocators.c ****   } else {
 188              		.loc 1 37 12 is_stmt 0 view .LVU39
ARM GAS  C:\Users\weiyi\AppData\Local\Temp\cct0diUd.s 			page 5


 189 002e 0846     		mov	r0, r1
 190              	.LVL12:
  37:micro_ros_stm32cubemx_utils/extra_sources/microros_allocators.c ****   } else {
 191              		.loc 1 37 12 view .LVU40
 192 0030 FFF7FEFF 		bl	pvPortMallocMicroROS
 193              	.LVL13:
  37:micro_ros_stm32cubemx_utils/extra_sources/microros_allocators.c ****   } else {
 194              		.loc 1 37 12 view .LVU41
 195 0034 FAE7     		b	.L13
 196              	.L19:
 197 0036 00BF     		.align	2
 198              	.L18:
 199 0038 00000000 		.word	.LANCHOR0
 200 003c 00000000 		.word	.LANCHOR1
 201              		.cfi_endproc
 202              	.LFE6:
 204              		.section	.text.microros_zero_allocate,"ax",%progbits
 205              		.align	1
 206              		.global	microros_zero_allocate
 207              		.syntax unified
 208              		.thumb
 209              		.thumb_func
 210              		.fpu softvfp
 212              	microros_zero_allocate:
 213              	.LVL14:
 214              	.LFB7:
  43:micro_ros_stm32cubemx_utils/extra_sources/microros_allocators.c **** 
  44:micro_ros_stm32cubemx_utils/extra_sources/microros_allocators.c **** void * microros_zero_allocate(size_t number_of_elements, size_t size_of_element, void * state){
 215              		.loc 1 44 95 is_stmt 1 view -0
 216              		.cfi_startproc
 217              		@ args = 0, pretend = 0, frame = 0
 218              		@ frame_needed = 0, uses_anonymous_args = 0
 219              		.loc 1 44 95 is_stmt 0 view .LVU43
 220 0000 10B5     		push	{r4, lr}
 221              	.LCFI4:
 222              		.cfi_def_cfa_offset 8
 223              		.cfi_offset 4, -8
 224              		.cfi_offset 14, -4
  45:micro_ros_stm32cubemx_utils/extra_sources/microros_allocators.c ****   (void) state;
 225              		.loc 1 45 3 is_stmt 1 view .LVU44
  46:micro_ros_stm32cubemx_utils/extra_sources/microros_allocators.c ****   // printf("-- Calloc %d x %d = %d -> (prev: %d B)\n",number_of_elements,size_of_element, number_o
  47:micro_ros_stm32cubemx_utils/extra_sources/microros_allocators.c ****   absoluteUsedMemory += number_of_elements*size_of_element;
 226              		.loc 1 47 3 view .LVU45
 227              		.loc 1 47 43 is_stmt 0 view .LVU46
 228 0002 01FB00F3 		mul	r3, r1, r0
 229              		.loc 1 47 22 view .LVU47
 230 0006 054C     		ldr	r4, .L22
 231 0008 2268     		ldr	r2, [r4]
 232              	.LVL15:
 233              		.loc 1 47 22 view .LVU48
 234 000a 1A44     		add	r2, r2, r3
 235 000c 2260     		str	r2, [r4]
  48:micro_ros_stm32cubemx_utils/extra_sources/microros_allocators.c ****   usedMemory += number_of_elements*size_of_element;
 236              		.loc 1 48 3 is_stmt 1 view .LVU49
 237              		.loc 1 48 14 is_stmt 0 view .LVU50
 238 000e 044C     		ldr	r4, .L22+4
 239 0010 2268     		ldr	r2, [r4]
ARM GAS  C:\Users\weiyi\AppData\Local\Temp\cct0diUd.s 			page 6


 240 0012 1344     		add	r3, r3, r2
 241 0014 2360     		str	r3, [r4]
  49:micro_ros_stm32cubemx_utils/extra_sources/microros_allocators.c ****   return pvPortCallocMicroROS(number_of_elements,size_of_element);
 242              		.loc 1 49 3 is_stmt 1 view .LVU51
 243              		.loc 1 49 10 is_stmt 0 view .LVU52
 244 0016 FFF7FEFF 		bl	pvPortCallocMicroROS
 245              	.LVL16:
  50:micro_ros_stm32cubemx_utils/extra_sources/microros_allocators.c **** }...
 246              		.loc 1 50 1 view .LVU53
 247 001a 10BD     		pop	{r4, pc}
 248              	.L23:
 249              		.align	2
 250              	.L22:
 251 001c 00000000 		.word	.LANCHOR0
 252 0020 00000000 		.word	.LANCHOR1
 253              		.cfi_endproc
 254              	.LFE7:
 256              		.global	usedMemory
 257              		.global	absoluteUsedMemory
 258              		.section	.bss.absoluteUsedMemory,"aw",%nobits
 259              		.align	2
 260              		.set	.LANCHOR0,. + 0
 263              	absoluteUsedMemory:
 264 0000 00000000 		.space	4
 265              		.section	.bss.usedMemory,"aw",%nobits
 266              		.align	2
 267              		.set	.LANCHOR1,. + 0
 270              	usedMemory:
 271 0000 00000000 		.space	4
 272              		.text
 273              	.Letext0:
 274              		.file 2 "d:\\clion\\gcc-arm-none-eabi-10.3-2021.07-win32\\gcc-arm-none-eabi-10.3-2021.07\\lib\\gcc
ARM GAS  C:\Users\weiyi\AppData\Local\Temp\cct0diUd.s 			page 7


DEFINED SYMBOLS
                            *ABS*:00000000 microros_allocators.c
C:\Users\weiyi\AppData\Local\Temp\cct0diUd.s:16     .text.microros_allocate:00000000 $t
C:\Users\weiyi\AppData\Local\Temp\cct0diUd.s:24     .text.microros_allocate:00000000 microros_allocate
C:\Users\weiyi\AppData\Local\Temp\cct0diUd.s:63     .text.microros_allocate:0000001c $d
C:\Users\weiyi\AppData\Local\Temp\cct0diUd.s:69     .text.microros_deallocate:00000000 $t
C:\Users\weiyi\AppData\Local\Temp\cct0diUd.s:76     .text.microros_deallocate:00000000 microros_deallocate
C:\Users\weiyi\AppData\Local\Temp\cct0diUd.s:120    .text.microros_deallocate:0000001c $d
C:\Users\weiyi\AppData\Local\Temp\cct0diUd.s:125    .text.microros_reallocate:00000000 $t
C:\Users\weiyi\AppData\Local\Temp\cct0diUd.s:132    .text.microros_reallocate:00000000 microros_reallocate
C:\Users\weiyi\AppData\Local\Temp\cct0diUd.s:199    .text.microros_reallocate:00000038 $d
C:\Users\weiyi\AppData\Local\Temp\cct0diUd.s:205    .text.microros_zero_allocate:00000000 $t
C:\Users\weiyi\AppData\Local\Temp\cct0diUd.s:212    .text.microros_zero_allocate:00000000 microros_zero_allocate
C:\Users\weiyi\AppData\Local\Temp\cct0diUd.s:251    .text.microros_zero_allocate:0000001c $d
C:\Users\weiyi\AppData\Local\Temp\cct0diUd.s:270    .bss.usedMemory:00000000 usedMemory
C:\Users\weiyi\AppData\Local\Temp\cct0diUd.s:263    .bss.absoluteUsedMemory:00000000 absoluteUsedMemory
C:\Users\weiyi\AppData\Local\Temp\cct0diUd.s:259    .bss.absoluteUsedMemory:00000000 $d
C:\Users\weiyi\AppData\Local\Temp\cct0diUd.s:266    .bss.usedMemory:00000000 $d

UNDEFINED SYMBOLS
pvPortMallocMicroROS
getBlockSize
vPortFreeMicroROS
pvPortReallocMicroROS
pvPortCallocMicroROS
