ARM GAS  C:\Users\weiyi\AppData\Local\Temp\cc7YPFUs.s 			page 1


   1              		.cpu cortex-m3
   2              		.eabi_attribute 20, 1
   3              		.eabi_attribute 21, 1
   4              		.eabi_attribute 23, 3
   5              		.eabi_attribute 24, 1
   6              		.eabi_attribute 25, 1
   7              		.eabi_attribute 26, 1
   8              		.eabi_attribute 30, 1
   9              		.eabi_attribute 34, 1
  10              		.eabi_attribute 18, 4
  11              		.file	"microros_time.c"
  12              		.text
  13              	.Ltext0:
  14              		.cfi_sections	.debug_frame
  15              		.global	__aeabi_ldivmod
  16              		.section	.text.UTILS_NanosecondsToTimespec,"ax",%progbits
  17              		.align	1
  18              		.global	UTILS_NanosecondsToTimespec
  19              		.arch armv7-m
  20              		.syntax unified
  21              		.thumb
  22              		.thumb_func
  23              		.fpu softvfp
  25              	UTILS_NanosecondsToTimespec:
  26              	.LVL0:
  27              	.LFB4:
  28              		.file 1 "micro_ros_stm32cubemx_utils/extra_sources/microros_time.c"
   1:micro_ros_stm32cubemx_utils/extra_sources/microros_time.c **** #include <unistd.h>
   2:micro_ros_stm32cubemx_utils/extra_sources/microros_time.c **** #include <time.h>
   3:micro_ros_stm32cubemx_utils/extra_sources/microros_time.c **** #include "cmsis_os.h"
   4:micro_ros_stm32cubemx_utils/extra_sources/microros_time.c **** #include "task.h"
   5:micro_ros_stm32cubemx_utils/extra_sources/microros_time.c **** #include "FreeRTOS.h"
   6:micro_ros_stm32cubemx_utils/extra_sources/microros_time.c **** #define MICROSECONDS_PER_SECOND    ( 1000000LL )                                   /**< Microsecond
   7:micro_ros_stm32cubemx_utils/extra_sources/microros_time.c **** #define NANOSECONDS_PER_SECOND     ( 1000000000LL )                                /**< Nanoseconds
   8:micro_ros_stm32cubemx_utils/extra_sources/microros_time.c **** #define NANOSECONDS_PER_TICK       ( NANOSECONDS_PER_SECOND / configTICK_RATE_HZ ) /**< Nanoseconds
   9:micro_ros_stm32cubemx_utils/extra_sources/microros_time.c **** 
  10:micro_ros_stm32cubemx_utils/extra_sources/microros_time.c **** void UTILS_NanosecondsToTimespec( int64_t llSource,
  11:micro_ros_stm32cubemx_utils/extra_sources/microros_time.c ****                                   struct timespec * const pxDestination )
  12:micro_ros_stm32cubemx_utils/extra_sources/microros_time.c **** {
  29              		.loc 1 12 1 view -0
  30              		.cfi_startproc
  31              		@ args = 0, pretend = 0, frame = 0
  32              		@ frame_needed = 0, uses_anonymous_args = 0
  33              		.loc 1 12 1 is_stmt 0 view .LVU1
  34 0000 2DE9F041 		push	{r4, r5, r6, r7, r8, lr}
  35              	.LCFI0:
  36              		.cfi_def_cfa_offset 24
  37              		.cfi_offset 4, -24
  38              		.cfi_offset 5, -20
  39              		.cfi_offset 6, -16
  40              		.cfi_offset 7, -12
  41              		.cfi_offset 8, -8
  42              		.cfi_offset 14, -4
  43 0004 0746     		mov	r7, r0
  44 0006 0E46     		mov	r6, r1
  45 0008 1446     		mov	r4, r2
  13:micro_ros_stm32cubemx_utils/extra_sources/microros_time.c ****     long lCarrySec = 0;
ARM GAS  C:\Users\weiyi\AppData\Local\Temp\cc7YPFUs.s 			page 2


  46              		.loc 1 13 5 is_stmt 1 view .LVU2
  47              	.LVL1:
  14:micro_ros_stm32cubemx_utils/extra_sources/microros_time.c **** 
  15:micro_ros_stm32cubemx_utils/extra_sources/microros_time.c ****     /* Convert to timespec. */
  16:micro_ros_stm32cubemx_utils/extra_sources/microros_time.c ****     pxDestination->tv_sec = ( time_t ) ( llSource / NANOSECONDS_PER_SECOND );
  48              		.loc 1 16 5 view .LVU3
  49              		.loc 1 16 29 is_stmt 0 view .LVU4
  50 000a 15A3     		adr	r3, .L5+8
  51 000c D3E90023 		ldrd	r2, [r3]
  52              	.LVL2:
  53              		.loc 1 16 29 view .LVU5
  54 0010 FFF7FEFF 		bl	__aeabi_ldivmod
  55              	.LVL3:
  56              		.loc 1 16 29 view .LVU6
  57 0014 0D46     		mov	r5, r1
  58 0016 8046     		mov	r8, r0
  59              		.loc 1 16 27 view .LVU7
  60 0018 2060     		str	r0, [r4]
  61 001a 6160     		str	r1, [r4, #4]
  17:micro_ros_stm32cubemx_utils/extra_sources/microros_time.c ****     pxDestination->tv_nsec = ( long ) ( llSource % NANOSECONDS_PER_SECOND );
  62              		.loc 1 17 5 is_stmt 1 view .LVU8
  63              		.loc 1 17 50 is_stmt 0 view .LVU9
  64 001c 10A3     		adr	r3, .L5+8
  65 001e D3E90023 		ldrd	r2, [r3]
  66 0022 3846     		mov	r0, r7
  67 0024 3146     		mov	r1, r6
  68 0026 FFF7FEFF 		bl	__aeabi_ldivmod
  69              	.LVL4:
  70              		.loc 1 17 28 view .LVU10
  71 002a A260     		str	r2, [r4, #8]
  18:micro_ros_stm32cubemx_utils/extra_sources/microros_time.c **** 
  19:micro_ros_stm32cubemx_utils/extra_sources/microros_time.c ****     /* Subtract from tv_sec if tv_nsec < 0. */
  20:micro_ros_stm32cubemx_utils/extra_sources/microros_time.c ****     if( pxDestination->tv_nsec < 0L )
  72              		.loc 1 20 5 is_stmt 1 view .LVU11
  73              		.loc 1 20 7 is_stmt 0 view .LVU12
  74 002c 002A     		cmp	r2, #0
  75 002e 01DB     		blt	.L4
  76              	.LVL5:
  77              	.L1:
  21:micro_ros_stm32cubemx_utils/extra_sources/microros_time.c ****     {
  22:micro_ros_stm32cubemx_utils/extra_sources/microros_time.c ****         /* Compute the number of seconds to carry. */
  23:micro_ros_stm32cubemx_utils/extra_sources/microros_time.c ****         lCarrySec = ( pxDestination->tv_nsec / ( long ) NANOSECONDS_PER_SECOND ) + 1L;
  24:micro_ros_stm32cubemx_utils/extra_sources/microros_time.c **** 
  25:micro_ros_stm32cubemx_utils/extra_sources/microros_time.c ****         pxDestination->tv_sec -= ( time_t ) ( lCarrySec );
  26:micro_ros_stm32cubemx_utils/extra_sources/microros_time.c ****         pxDestination->tv_nsec += lCarrySec * ( long ) NANOSECONDS_PER_SECOND;
  27:micro_ros_stm32cubemx_utils/extra_sources/microros_time.c ****     }
  28:micro_ros_stm32cubemx_utils/extra_sources/microros_time.c **** }
  78              		.loc 1 28 1 view .LVU13
  79 0030 BDE8F081 		pop	{r4, r5, r6, r7, r8, pc}
  80              	.LVL6:
  81              	.L4:
  23:micro_ros_stm32cubemx_utils/extra_sources/microros_time.c **** 
  82              		.loc 1 23 9 is_stmt 1 view .LVU14
  23:micro_ros_stm32cubemx_utils/extra_sources/microros_time.c **** 
  83              		.loc 1 23 46 is_stmt 0 view .LVU15
  84 0034 0849     		ldr	r1, .L5
  85 0036 81FB0231 		smull	r3, r1, r1, r2
ARM GAS  C:\Users\weiyi\AppData\Local\Temp\cc7YPFUs.s 			page 3


  86 003a D317     		asrs	r3, r2, #31
  87 003c C3EB2173 		rsb	r3, r3, r1, asr #28
  23:micro_ros_stm32cubemx_utils/extra_sources/microros_time.c **** 
  88              		.loc 1 23 19 view .LVU16
  89 0040 0133     		adds	r3, r3, #1
  90              	.LVL7:
  25:micro_ros_stm32cubemx_utils/extra_sources/microros_time.c ****         pxDestination->tv_nsec += lCarrySec * ( long ) NANOSECONDS_PER_SECOND;
  91              		.loc 1 25 9 is_stmt 1 view .LVU17
  25:micro_ros_stm32cubemx_utils/extra_sources/microros_time.c ****         pxDestination->tv_nsec += lCarrySec * ( long ) NANOSECONDS_PER_SECOND;
  92              		.loc 1 25 31 is_stmt 0 view .LVU18
  93 0042 B8EB0301 		subs	r1, r8, r3
  94 0046 65EBE375 		sbc	r5, r5, r3, asr #31
  95 004a 2160     		str	r1, [r4]
  96 004c 6560     		str	r5, [r4, #4]
  26:micro_ros_stm32cubemx_utils/extra_sources/microros_time.c ****     }
  97              		.loc 1 26 9 is_stmt 1 view .LVU19
  26:micro_ros_stm32cubemx_utils/extra_sources/microros_time.c ****     }
  98              		.loc 1 26 32 is_stmt 0 view .LVU20
  99 004e 0349     		ldr	r1, .L5+4
 100 0050 01FB0322 		mla	r2, r1, r3, r2
 101 0054 A260     		str	r2, [r4, #8]
 102              		.loc 1 28 1 view .LVU21
 103 0056 EBE7     		b	.L1
 104              	.L6:
 105              		.align	3
 106              	.L5:
 107 0058 A12FB844 		.word	1152921505
 108 005c 00CA9A3B 		.word	1000000000
 109 0060 00CA9A3B 		.word	1000000000
 110 0064 00000000 		.word	0
 111              		.cfi_endproc
 112              	.LFE4:
 114              		.section	.text.clock_gettime,"ax",%progbits
 115              		.align	1
 116              		.global	clock_gettime
 117              		.syntax unified
 118              		.thumb
 119              		.thumb_func
 120              		.fpu softvfp
 122              	clock_gettime:
 123              	.LVL8:
 124              	.LFB5:
  29:micro_ros_stm32cubemx_utils/extra_sources/microros_time.c **** 
  30:micro_ros_stm32cubemx_utils/extra_sources/microros_time.c **** int clock_gettime( int clock_id,struct timespec * tp )
  31:micro_ros_stm32cubemx_utils/extra_sources/microros_time.c **** {
 125              		.loc 1 31 1 is_stmt 1 view -0
 126              		.cfi_startproc
 127              		@ args = 0, pretend = 0, frame = 8
 128              		@ frame_needed = 0, uses_anonymous_args = 0
 129              		.loc 1 31 1 is_stmt 0 view .LVU23
 130 0000 30B5     		push	{r4, r5, lr}
 131              	.LCFI1:
 132              		.cfi_def_cfa_offset 12
 133              		.cfi_offset 4, -12
 134              		.cfi_offset 5, -8
 135              		.cfi_offset 14, -4
 136 0002 83B0     		sub	sp, sp, #12
ARM GAS  C:\Users\weiyi\AppData\Local\Temp\cc7YPFUs.s 			page 4


 137              	.LCFI2:
 138              		.cfi_def_cfa_offset 24
 139 0004 0D46     		mov	r5, r1
  32:micro_ros_stm32cubemx_utils/extra_sources/microros_time.c **** 
  33:micro_ros_stm32cubemx_utils/extra_sources/microros_time.c ****     TimeOut_t xCurrentTime = { 0 };
 140              		.loc 1 33 5 is_stmt 1 view .LVU24
 141              		.loc 1 33 15 is_stmt 0 view .LVU25
 142 0006 0024     		movs	r4, #0
 143 0008 0094     		str	r4, [sp]
 144 000a 0194     		str	r4, [sp, #4]
  34:micro_ros_stm32cubemx_utils/extra_sources/microros_time.c **** 
  35:micro_ros_stm32cubemx_utils/extra_sources/microros_time.c ****  /*Intermediate variable used to convert TimeOut_t to struct timespec.
  36:micro_ros_stm32cubemx_utils/extra_sources/microros_time.c ****      * Also used to detect overflow issues. It must be unsigned because the
  37:micro_ros_stm32cubemx_utils/extra_sources/microros_time.c ****      * behavior of signed integer overflow is undefined.
  38:micro_ros_stm32cubemx_utils/extra_sources/microros_time.c **** */
  39:micro_ros_stm32cubemx_utils/extra_sources/microros_time.c ****     uint64_t ullTickCount = 0ULL;
 145              		.loc 1 39 5 is_stmt 1 view .LVU26
 146              	.LVL9:
  40:micro_ros_stm32cubemx_utils/extra_sources/microros_time.c **** 
  41:micro_ros_stm32cubemx_utils/extra_sources/microros_time.c **** /*
  42:micro_ros_stm32cubemx_utils/extra_sources/microros_time.c ****  Silence warnings about unused parameters.
  43:micro_ros_stm32cubemx_utils/extra_sources/microros_time.c **** */
  44:micro_ros_stm32cubemx_utils/extra_sources/microros_time.c **** 
  45:micro_ros_stm32cubemx_utils/extra_sources/microros_time.c ****     ( void ) clock_id;
 147              		.loc 1 45 5 view .LVU27
  46:micro_ros_stm32cubemx_utils/extra_sources/microros_time.c **** /*
  47:micro_ros_stm32cubemx_utils/extra_sources/microros_time.c **** 
  48:micro_ros_stm32cubemx_utils/extra_sources/microros_time.c ****  Get the current tick count and overflow count. vTaskSetTimeOutState()
  49:micro_ros_stm32cubemx_utils/extra_sources/microros_time.c ****      * is used to get these values because they are both static in tasks.c.
  50:micro_ros_stm32cubemx_utils/extra_sources/microros_time.c **** */
  51:micro_ros_stm32cubemx_utils/extra_sources/microros_time.c **** 
  52:micro_ros_stm32cubemx_utils/extra_sources/microros_time.c ****     vTaskSetTimeOutState( &xCurrentTime );
 148              		.loc 1 52 5 view .LVU28
 149 000c 6846     		mov	r0, sp
 150              	.LVL10:
 151              		.loc 1 52 5 is_stmt 0 view .LVU29
 152 000e FFF7FEFF 		bl	vTaskSetTimeOutState
 153              	.LVL11:
  53:micro_ros_stm32cubemx_utils/extra_sources/microros_time.c **** 
  54:micro_ros_stm32cubemx_utils/extra_sources/microros_time.c **** /*
  55:micro_ros_stm32cubemx_utils/extra_sources/microros_time.c ****  Adjust the tick count for the number of times a TickType_t has overflowed.
  56:micro_ros_stm32cubemx_utils/extra_sources/microros_time.c ****      * portMAX_DELAY should be the maximum value of a TickType_t.
  57:micro_ros_stm32cubemx_utils/extra_sources/microros_time.c **** */
  58:micro_ros_stm32cubemx_utils/extra_sources/microros_time.c **** 
  59:micro_ros_stm32cubemx_utils/extra_sources/microros_time.c ****     ullTickCount = ( uint64_t ) ( xCurrentTime.xOverflowCount ) << ( sizeof( TickType_t ) * 8 );
 154              		.loc 1 59 5 is_stmt 1 view .LVU30
 155              		.loc 1 59 47 is_stmt 0 view .LVU31
 156 0012 0099     		ldr	r1, [sp]
 157              	.LVL12:
  60:micro_ros_stm32cubemx_utils/extra_sources/microros_time.c **** 
  61:micro_ros_stm32cubemx_utils/extra_sources/microros_time.c ****  //Add the current tick count.
  62:micro_ros_stm32cubemx_utils/extra_sources/microros_time.c **** 
  63:micro_ros_stm32cubemx_utils/extra_sources/microros_time.c ****     ullTickCount += xCurrentTime.xTimeOnEntering;
 158              		.loc 1 63 5 is_stmt 1 view .LVU32
 159              		.loc 1 63 18 is_stmt 0 view .LVU33
 160 0014 019A     		ldr	r2, [sp, #4]
 161              	.LVL13:
ARM GAS  C:\Users\weiyi\AppData\Local\Temp\cc7YPFUs.s 			page 5


  64:micro_ros_stm32cubemx_utils/extra_sources/microros_time.c **** 
  65:micro_ros_stm32cubemx_utils/extra_sources/microros_time.c ****  //Convert ullTickCount to timespec.
  66:micro_ros_stm32cubemx_utils/extra_sources/microros_time.c **** 
  67:micro_ros_stm32cubemx_utils/extra_sources/microros_time.c ****     UTILS_NanosecondsToTimespec( ( int64_t ) ullTickCount * NANOSECONDS_PER_TICK, tp );
 162              		.loc 1 67 5 is_stmt 1 view .LVU34
 163 0016 4FEA411C 		lsl	ip, r1, #5
 164 001a 4CEAD26C 		orr	ip, ip, r2, lsr #27
 165 001e 5301     		lsls	r3, r2, #5
 166 0020 9B1A     		subs	r3, r3, r2
 167 0022 6CEB010C 		sbc	ip, ip, r1
 168 0026 4FEA4C2C 		lsl	ip, ip, #9
 169 002a 4CEAD35C 		orr	ip, ip, r3, lsr #23
 170 002e 5B02     		lsls	r3, r3, #9
 171 0030 9B18     		adds	r3, r3, r2
 172 0032 41EB0C0C 		adc	ip, r1, ip
 173 0036 4FEA8C1E 		lsl	lr, ip, #6
 174 003a 4EEA936E 		orr	lr, lr, r3, lsr #26
 175 003e 9801     		lsls	r0, r3, #6
 176 0040 C31A     		subs	r3, r0, r3
 177 0042 6EEB0C0C 		sbc	ip, lr, ip
 178 0046 9818     		adds	r0, r3, r2
 179 0048 2A46     		mov	r2, r5
 180              	.LVL14:
 181              		.loc 1 67 5 is_stmt 0 view .LVU35
 182 004a 41EB0C01 		adc	r1, r1, ip
 183              	.LVL15:
 184              		.loc 1 67 5 view .LVU36
 185 004e FFF7FEFF 		bl	UTILS_NanosecondsToTimespec
 186              	.LVL16:
  68:micro_ros_stm32cubemx_utils/extra_sources/microros_time.c ****     return 0;
 187              		.loc 1 68 5 is_stmt 1 view .LVU37
  69:micro_ros_stm32cubemx_utils/extra_sources/microros_time.c **** }
 188              		.loc 1 69 1 is_stmt 0 view .LVU38
 189 0052 2046     		mov	r0, r4
 190 0054 03B0     		add	sp, sp, #12
 191              	.LCFI3:
 192              		.cfi_def_cfa_offset 12
 193              		@ sp needed
 194 0056 30BD     		pop	{r4, r5, pc}
 195              		.loc 1 69 1 view .LVU39
 196              		.cfi_endproc
 197              	.LFE5:
 199              		.text
 200              	.Letext0:
 201              		.file 2 "d:\\clion\\gcc-arm-none-eabi-10.3-2021.07-win32\\gcc-arm-none-eabi-10.3-2021.07\\arm-none
 202              		.file 3 "d:\\clion\\gcc-arm-none-eabi-10.3-2021.07-win32\\gcc-arm-none-eabi-10.3-2021.07\\arm-none
 203              		.file 4 "d:\\clion\\gcc-arm-none-eabi-10.3-2021.07-win32\\gcc-arm-none-eabi-10.3-2021.07\\arm-none
 204              		.file 5 "d:\\clion\\gcc-arm-none-eabi-10.3-2021.07-win32\\gcc-arm-none-eabi-10.3-2021.07\\arm-none
 205              		.file 6 "Middlewares/Third_Party/FreeRTOS/Source/portable/GCC/ARM_CM3/portmacro.h"
 206              		.file 7 "Middlewares/Third_Party/FreeRTOS/Source/include/task.h"
ARM GAS  C:\Users\weiyi\AppData\Local\Temp\cc7YPFUs.s 			page 6


DEFINED SYMBOLS
                            *ABS*:00000000 microros_time.c
C:\Users\weiyi\AppData\Local\Temp\cc7YPFUs.s:17     .text.UTILS_NanosecondsToTimespec:00000000 $t
C:\Users\weiyi\AppData\Local\Temp\cc7YPFUs.s:25     .text.UTILS_NanosecondsToTimespec:00000000 UTILS_NanosecondsToTimespec
C:\Users\weiyi\AppData\Local\Temp\cc7YPFUs.s:107    .text.UTILS_NanosecondsToTimespec:00000058 $d
C:\Users\weiyi\AppData\Local\Temp\cc7YPFUs.s:115    .text.clock_gettime:00000000 $t
C:\Users\weiyi\AppData\Local\Temp\cc7YPFUs.s:122    .text.clock_gettime:00000000 clock_gettime

UNDEFINED SYMBOLS
__aeabi_ldivmod
vTaskSetTimeOutState
