[2.242s] DEBUG:colcon:Command line arguments: ['/usr/bin/colcon', 'build']
[2.243s] DEBUG:colcon:Parsed command line arguments: Namespace(ament_cmake_args=None, base_paths=['.'], build_base='build', catkin_cmake_args=None, catkin_skip_building_tests=False, cmake_args=None, cmake_clean_cache=False, cmake_clean_first=False, cmake_force_configure=False, cmake_target=None, cmake_target_skip_unavailable=False, continue_on_error=False, event_handlers=None, executor='parallel', ignore_user_meta=False, install_base='install', log_base=None, log_level=None, main=<bound method BuildVerb.main of <colcon_core.verb.build.BuildVerb object at 0x7f96bdd940>>, merge_install=False, metas=['./colcon.meta'], packages_above=None, packages_above_and_dependencies=None, packages_above_depth=None, packages_end=None, packages_ignore=None, packages_ignore_regex=None, packages_select=None, packages_select_build_failed=False, packages_select_by_dep=None, packages_select_regex=None, packages_select_test_failures=False, packages_skip=None, packages_skip_build_finished=False, packages_skip_by_dep=None, packages_skip_regex=None, packages_skip_test_passed=False, packages_skip_up_to=None, packages_start=None, packages_up_to=None, packages_up_to_regex=None, parallel_workers=8, paths=None, symlink_install=False, test_result_base=None, verb_extension=<colcon_core.verb.build.BuildVerb object at 0x7f96bdd940>, verb_name='build', verb_parser=<colcon_defaults.argument_parser.defaults.DefaultArgumentsDecorator object at 0x7f967a42b0>)
[2.343s] Level 1:colcon.colcon_core.package_discovery:discover_packages(colcon_meta) check parameters
[2.343s] Level 1:colcon.colcon_core.package_discovery:discover_packages(recursive) check parameters
[2.343s] Level 1:colcon.colcon_core.package_discovery:discover_packages(ignore) check parameters
[2.343s] Level 1:colcon.colcon_core.package_discovery:discover_packages(path) check parameters
[2.343s] Level 1:colcon.colcon_core.package_discovery:discover_packages(colcon_meta) discover
[2.343s] Level 1:colcon.colcon_core.package_discovery:discover_packages(recursive) discover
[2.343s] INFO:colcon.colcon_core.package_discovery:Crawling recursively for packages in '/home/orangepi/freertos_microros/microros_ws'
[2.343s] Level 1:colcon.colcon_core.package_identification:_identify(.) by extensions ['ignore', 'ignore_ament_install']
[2.343s] Level 1:colcon.colcon_core.package_identification:_identify(.) by extension 'ignore'
[2.344s] Level 1:colcon.colcon_core.package_identification:_identify(.) by extension 'ignore_ament_install'
[2.344s] Level 1:colcon.colcon_core.package_identification:_identify(.) by extensions ['colcon_pkg']
[2.344s] Level 1:colcon.colcon_core.package_identification:_identify(.) by extension 'colcon_pkg'
[2.344s] Level 1:colcon.colcon_core.package_identification:_identify(.) by extensions ['colcon_meta']
[2.344s] Level 1:colcon.colcon_core.package_identification:_identify(.) by extension 'colcon_meta'
[2.344s] Level 1:colcon.colcon_core.package_identification:_identify(.) by extensions ['ros']
[2.344s] Level 1:colcon.colcon_core.package_identification:_identify(.) by extension 'ros'
[2.357s] Level 1:colcon.colcon_core.package_identification:_identify(.) by extensions ['cmake', 'python']
[2.358s] Level 1:colcon.colcon_core.package_identification:_identify(.) by extension 'cmake'
[2.358s] Level 1:colcon.colcon_core.package_identification:_identify(.) by extension 'python'
[2.358s] Level 1:colcon.colcon_core.package_identification:_identify(.) by extensions ['python_setup_py']
[2.358s] Level 1:colcon.colcon_core.package_identification:_identify(.) by extension 'python_setup_py'
[2.358s] Level 1:colcon.colcon_core.package_identification:_identify(build) by extensions ['ignore', 'ignore_ament_install']
[2.358s] Level 1:colcon.colcon_core.package_identification:_identify(build) by extension 'ignore'
[2.358s] Level 1:colcon.colcon_core.package_identification:_identify(build) ignored
[2.358s] Level 1:colcon.colcon_core.package_identification:_identify(install) by extensions ['ignore', 'ignore_ament_install']
[2.359s] Level 1:colcon.colcon_core.package_identification:_identify(install) by extension 'ignore'
[2.359s] Level 1:colcon.colcon_core.package_identification:_identify(install) ignored
[2.359s] Level 1:colcon.colcon_core.package_identification:_identify(log) by extensions ['ignore', 'ignore_ament_install']
[2.359s] Level 1:colcon.colcon_core.package_identification:_identify(log) by extension 'ignore'
[2.359s] Level 1:colcon.colcon_core.package_identification:_identify(log) ignored
[2.359s] Level 1:colcon.colcon_core.package_identification:_identify(src) by extensions ['ignore', 'ignore_ament_install']
[2.359s] Level 1:colcon.colcon_core.package_identification:_identify(src) by extension 'ignore'
[2.359s] Level 1:colcon.colcon_core.package_identification:_identify(src) by extension 'ignore_ament_install'
[2.359s] Level 1:colcon.colcon_core.package_identification:_identify(src) by extensions ['colcon_pkg']
[2.359s] Level 1:colcon.colcon_core.package_identification:_identify(src) by extension 'colcon_pkg'
[2.359s] Level 1:colcon.colcon_core.package_identification:_identify(src) by extensions ['colcon_meta']
[2.359s] Level 1:colcon.colcon_core.package_identification:_identify(src) by extension 'colcon_meta'
[2.359s] Level 1:colcon.colcon_core.package_identification:_identify(src) by extensions ['ros']
[2.359s] Level 1:colcon.colcon_core.package_identification:_identify(src) by extension 'ros'
[2.359s] Level 1:colcon.colcon_core.package_identification:_identify(src) by extensions ['cmake', 'python']
[2.360s] Level 1:colcon.colcon_core.package_identification:_identify(src) by extension 'cmake'
[2.360s] Level 1:colcon.colcon_core.package_identification:_identify(src) by extension 'python'
[2.360s] Level 1:colcon.colcon_core.package_identification:_identify(src) by extensions ['python_setup_py']
[2.360s] Level 1:colcon.colcon_core.package_identification:_identify(src) by extension 'python_setup_py'
[2.360s] Level 1:colcon.colcon_core.package_identification:_identify(src/micro_ros_setup) by extensions ['ignore', 'ignore_ament_install']
[2.360s] Level 1:colcon.colcon_core.package_identification:_identify(src/micro_ros_setup) by extension 'ignore'
[2.360s] Level 1:colcon.colcon_core.package_identification:_identify(src/micro_ros_setup) by extension 'ignore_ament_install'
[2.360s] Level 1:colcon.colcon_core.package_identification:_identify(src/micro_ros_setup) by extensions ['colcon_pkg']
[2.360s] Level 1:colcon.colcon_core.package_identification:_identify(src/micro_ros_setup) by extension 'colcon_pkg'
[2.360s] Level 1:colcon.colcon_core.package_identification:_identify(src/micro_ros_setup) by extensions ['colcon_meta']
[2.360s] Level 1:colcon.colcon_core.package_identification:_identify(src/micro_ros_setup) by extension 'colcon_meta'
[2.360s] Level 1:colcon.colcon_core.package_identification:_identify(src/micro_ros_setup) by extensions ['ros']
[2.360s] Level 1:colcon.colcon_core.package_identification:_identify(src/micro_ros_setup) by extension 'ros'
[2.364s] DEBUG:colcon.colcon_core.package_identification:Package 'src/micro_ros_setup' with type 'ros.ament_cmake' and name 'micro_ros_setup'
[2.364s] Level 1:colcon.colcon_core.package_discovery:discover_packages(recursive) using defaults
[2.364s] Level 1:colcon.colcon_core.package_discovery:discover_packages(ignore) discover
[2.364s] Level 1:colcon.colcon_core.package_discovery:discover_packages(ignore) using defaults
[2.364s] Level 1:colcon.colcon_core.package_discovery:discover_packages(path) discover
[2.364s] Level 1:colcon.colcon_core.package_discovery:discover_packages(path) using defaults
[2.534s] Level 5:colcon.colcon_core.verb:set package 'micro_ros_setup' build argument 'cmake_args' from command line to 'None'
[2.535s] Level 5:colcon.colcon_core.verb:set package 'micro_ros_setup' build argument 'cmake_target' from command line to 'None'
[2.535s] Level 5:colcon.colcon_core.verb:set package 'micro_ros_setup' build argument 'cmake_target_skip_unavailable' from command line to 'False'
[2.535s] Level 5:colcon.colcon_core.verb:set package 'micro_ros_setup' build argument 'cmake_clean_cache' from command line to 'False'
[2.535s] Level 5:colcon.colcon_core.verb:set package 'micro_ros_setup' build argument 'cmake_clean_first' from command line to 'False'
[2.535s] Level 5:colcon.colcon_core.verb:set package 'micro_ros_setup' build argument 'cmake_force_configure' from command line to 'False'
[2.535s] Level 5:colcon.colcon_core.verb:set package 'micro_ros_setup' build argument 'ament_cmake_args' from command line to 'None'
[2.535s] Level 5:colcon.colcon_core.verb:set package 'micro_ros_setup' build argument 'catkin_cmake_args' from command line to 'None'
[2.535s] Level 5:colcon.colcon_core.verb:set package 'micro_ros_setup' build argument 'catkin_skip_building_tests' from command line to 'False'
[2.535s] DEBUG:colcon.colcon_core.verb:Building package 'micro_ros_setup' with the following arguments: {'ament_cmake_args': None, 'build_base': '/home/orangepi/freertos_microros/microros_ws/build/micro_ros_setup', 'catkin_cmake_args': None, 'catkin_skip_building_tests': False, 'cmake_args': None, 'cmake_clean_cache': False, 'cmake_clean_first': False, 'cmake_force_configure': False, 'cmake_target': None, 'cmake_target_skip_unavailable': False, 'install_base': '/home/orangepi/freertos_microros/microros_ws/install/micro_ros_setup', 'merge_install': False, 'path': '/home/orangepi/freertos_microros/microros_ws/src/micro_ros_setup', 'symlink_install': False, 'test_result_base': None}
[2.572s] INFO:colcon.colcon_core.executor:Executing jobs using 'parallel' executor
[2.610s] DEBUG:colcon.colcon_parallel_executor.executor.parallel:run_until_complete
[2.610s] INFO:colcon.colcon_ros.task.ament_cmake.build:Building ROS package in '/home/orangepi/freertos_microros/microros_ws/src/micro_ros_setup' with build type 'ament_cmake'
[2.611s] INFO:colcon.colcon_cmake.task.cmake.build:Building CMake package in '/home/orangepi/freertos_microros/microros_ws/src/micro_ros_setup'
[2.651s] INFO:colcon.colcon_core.plugin_system:Skipping extension 'colcon_core.shell.bat': Not used on non-Windows systems
[2.651s] INFO:colcon.colcon_core.shell:Skip shell extension 'powershell' for command environment: Not usable outside of PowerShell
[2.651s] DEBUG:colcon.colcon_core.shell:Skip shell extension 'dsv' for command environment
[2.690s] WARNING:colcon.colcon_core.prefix_path.colcon:The path '/home/orangepi/microros_ws/install' in the environment variable COLCON_PREFIX_PATH doesn't exist
[2.690s] WARNING:colcon.colcon_ros.prefix_path.ament:The path '/home/orangepi/microros_ws/install/micro_ros_setup' in the environment variable AMENT_PREFIX_PATH doesn't exist
[2.690s] WARNING:colcon.colcon_ros.prefix_path.catkin:The path '/home/orangepi/microros_ws/install/micro_ros_setup' in the environment variable CMAKE_PREFIX_PATH doesn't exist
[2.749s] DEBUG:colcon.colcon_core.event_handler.log_command:Invoking command in '/home/orangepi/freertos_microros/microros_ws/build/micro_ros_setup': CMAKE_PREFIX_PATH=${CMAKE_PREFIX_PATH}:/opt/ros/foxy /usr/bin/cmake /home/orangepi/freertos_microros/microros_ws/src/micro_ros_setup -DCMAKE_INSTALL_PREFIX=/home/orangepi/freertos_microros/microros_ws/install/micro_ros_setup
[4.727s] DEBUG:colcon.colcon_core.event_handler.log_command:Invoked command in '/home/orangepi/freertos_microros/microros_ws/build/micro_ros_setup' returned '0': CMAKE_PREFIX_PATH=${CMAKE_PREFIX_PATH}:/opt/ros/foxy /usr/bin/cmake /home/orangepi/freertos_microros/microros_ws/src/micro_ros_setup -DCMAKE_INSTALL_PREFIX=/home/orangepi/freertos_microros/microros_ws/install/micro_ros_setup
[4.741s] DEBUG:colcon.colcon_core.event_handler.log_command:Invoking command in '/home/orangepi/freertos_microros/microros_ws/build/micro_ros_setup': CMAKE_PREFIX_PATH=${CMAKE_PREFIX_PATH}:/opt/ros/foxy /usr/bin/cmake --build /home/orangepi/freertos_microros/microros_ws/build/micro_ros_setup -- -j8 -l8
[4.896s] DEBUG:colcon.colcon_core.event_handler.log_command:Invoked command in '/home/orangepi/freertos_microros/microros_ws/build/micro_ros_setup' returned '0': CMAKE_PREFIX_PATH=${CMAKE_PREFIX_PATH}:/opt/ros/foxy /usr/bin/cmake --build /home/orangepi/freertos_microros/microros_ws/build/micro_ros_setup -- -j8 -l8
[5.003s] DEBUG:colcon.colcon_core.event_handler.log_command:Invoking command in '/home/orangepi/freertos_microros/microros_ws/build/micro_ros_setup': CMAKE_PREFIX_PATH=${CMAKE_PREFIX_PATH}:/opt/ros/foxy /usr/bin/cmake --install /home/orangepi/freertos_microros/microros_ws/build/micro_ros_setup
[5.072s] Level 1:colcon.colcon_core.environment:create_environment_scripts_only(micro_ros_setup)
[5.217s] DEBUG:colcon.colcon_core.event_handler.log_command:Invoked command in '/home/orangepi/freertos_microros/microros_ws/build/micro_ros_setup' returned '0': CMAKE_PREFIX_PATH=${CMAKE_PREFIX_PATH}:/opt/ros/foxy /usr/bin/cmake --install /home/orangepi/freertos_microros/microros_ws/build/micro_ros_setup
[5.252s] Level 1:colcon.colcon_core.environment:checking '/home/orangepi/freertos_microros/microros_ws/install/micro_ros_setup' for CMake module files
[5.253s] Level 1:colcon.colcon_core.environment:checking '/home/orangepi/freertos_microros/microros_ws/install/micro_ros_setup' for CMake config files
[5.253s] Level 1:colcon.colcon_core.shell:create_environment_hook('micro_ros_setup', 'cmake_prefix_path')
[5.291s] INFO:colcon.colcon_core.shell:Creating environment hook '/home/orangepi/freertos_microros/microros_ws/install/micro_ros_setup/share/micro_ros_setup/hook/cmake_prefix_path.ps1'
[5.292s] INFO:colcon.colcon_core.shell:Creating environment descriptor '/home/orangepi/freertos_microros/microros_ws/install/micro_ros_setup/share/micro_ros_setup/hook/cmake_prefix_path.dsv'
[5.292s] INFO:colcon.colcon_core.shell:Creating environment hook '/home/orangepi/freertos_microros/microros_ws/install/micro_ros_setup/share/micro_ros_setup/hook/cmake_prefix_path.sh'
[5.294s] Level 1:colcon.colcon_core.environment:checking '/home/orangepi/freertos_microros/microros_ws/install/micro_ros_setup/lib'
[5.294s] Level 1:colcon.colcon_core.environment:checking '/home/orangepi/freertos_microros/microros_ws/install/micro_ros_setup/bin'
[5.294s] Level 1:colcon.colcon_core.environment:checking '/home/orangepi/freertos_microros/microros_ws/install/micro_ros_setup/lib/pkgconfig/micro_ros_setup.pc'
[5.295s] Level 1:colcon.colcon_core.environment:checking '/home/orangepi/freertos_microros/microros_ws/install/micro_ros_setup/lib/python3.8/site-packages'
[5.295s] Level 1:colcon.colcon_core.environment:checking '/home/orangepi/freertos_microros/microros_ws/install/micro_ros_setup/bin'
[5.356s] INFO:colcon.colcon_core.shell:Creating package script '/home/orangepi/freertos_microros/microros_ws/install/micro_ros_setup/share/micro_ros_setup/package.ps1'
[5.357s] INFO:colcon.colcon_core.shell:Creating package descriptor '/home/orangepi/freertos_microros/microros_ws/install/micro_ros_setup/share/micro_ros_setup/package.dsv'
[5.358s] INFO:colcon.colcon_core.shell:Creating package script '/home/orangepi/freertos_microros/microros_ws/install/micro_ros_setup/share/micro_ros_setup/package.sh'
[5.358s] INFO:colcon.colcon_core.shell:Creating package script '/home/orangepi/freertos_microros/microros_ws/install/micro_ros_setup/share/micro_ros_setup/package.bash'
[5.359s] INFO:colcon.colcon_core.shell:Creating package script '/home/orangepi/freertos_microros/microros_ws/install/micro_ros_setup/share/micro_ros_setup/package.zsh'
[5.360s] Level 1:colcon.colcon_core.environment:create_file_with_runtime_dependencies(/home/orangepi/freertos_microros/microros_ws/install/micro_ros_setup/share/colcon-core/packages/micro_ros_setup)
[5.480s] Level 1:colcon.colcon_core.environment:create_environment_scripts_only(micro_ros_setup)
[5.518s] Level 1:colcon.colcon_core.environment:checking '/home/orangepi/freertos_microros/microros_ws/install/micro_ros_setup' for CMake module files
[5.519s] Level 1:colcon.colcon_core.environment:checking '/home/orangepi/freertos_microros/microros_ws/install/micro_ros_setup' for CMake config files
[5.519s] Level 1:colcon.colcon_core.shell:create_environment_hook('micro_ros_setup', 'cmake_prefix_path')
[5.559s] INFO:colcon.colcon_core.shell:Creating environment hook '/home/orangepi/freertos_microros/microros_ws/install/micro_ros_setup/share/micro_ros_setup/hook/cmake_prefix_path.ps1'
[5.559s] INFO:colcon.colcon_core.shell:Creating environment descriptor '/home/orangepi/freertos_microros/microros_ws/install/micro_ros_setup/share/micro_ros_setup/hook/cmake_prefix_path.dsv'
[5.563s] INFO:colcon.colcon_core.shell:Creating environment hook '/home/orangepi/freertos_microros/microros_ws/install/micro_ros_setup/share/micro_ros_setup/hook/cmake_prefix_path.sh'
[5.565s] Level 1:colcon.colcon_core.environment:checking '/home/orangepi/freertos_microros/microros_ws/install/micro_ros_setup/lib'
[5.565s] Level 1:colcon.colcon_core.environment:checking '/home/orangepi/freertos_microros/microros_ws/install/micro_ros_setup/bin'
[5.565s] Level 1:colcon.colcon_core.environment:checking '/home/orangepi/freertos_microros/microros_ws/install/micro_ros_setup/lib/pkgconfig/micro_ros_setup.pc'
[5.565s] Level 1:colcon.colcon_core.environment:checking '/home/orangepi/freertos_microros/microros_ws/install/micro_ros_setup/lib/python3.8/site-packages'
[5.565s] Level 1:colcon.colcon_core.environment:checking '/home/orangepi/freertos_microros/microros_ws/install/micro_ros_setup/bin'
[5.607s] INFO:colcon.colcon_core.shell:Creating package script '/home/orangepi/freertos_microros/microros_ws/install/micro_ros_setup/share/micro_ros_setup/package.ps1'
[5.608s] INFO:colcon.colcon_core.shell:Creating package descriptor '/home/orangepi/freertos_microros/microros_ws/install/micro_ros_setup/share/micro_ros_setup/package.dsv'
[5.609s] INFO:colcon.colcon_core.shell:Creating package script '/home/orangepi/freertos_microros/microros_ws/install/micro_ros_setup/share/micro_ros_setup/package.sh'
[5.610s] INFO:colcon.colcon_core.shell:Creating package script '/home/orangepi/freertos_microros/microros_ws/install/micro_ros_setup/share/micro_ros_setup/package.bash'
[5.611s] INFO:colcon.colcon_core.shell:Creating package script '/home/orangepi/freertos_microros/microros_ws/install/micro_ros_setup/share/micro_ros_setup/package.zsh'
[5.611s] Level 1:colcon.colcon_core.environment:create_file_with_runtime_dependencies(/home/orangepi/freertos_microros/microros_ws/install/micro_ros_setup/share/colcon-core/packages/micro_ros_setup)
[5.612s] DEBUG:colcon.colcon_parallel_executor.executor.parallel:closing loop
[5.613s] DEBUG:colcon.colcon_parallel_executor.executor.parallel:loop closed
[5.613s] DEBUG:colcon.colcon_parallel_executor.executor.parallel:run_until_complete finished with '0'
[5.613s] DEBUG:colcon.colcon_core.event_reactor:joining thread
[5.708s] INFO:colcon.colcon_core.plugin_system:Skipping extension 'colcon_notification.desktop_notification.terminal_notifier': Not used on non-Darwin systems
[5.708s] INFO:colcon.colcon_core.plugin_system:Skipping extension 'colcon_notification.desktop_notification.win32': Not used on non-Windows systems
[5.708s] INFO:colcon.colcon_notification.desktop_notification:Sending desktop notification using 'notify2'
[5.723s] DEBUG:colcon.colcon_core.event_reactor:joined thread
[5.777s] INFO:colcon.colcon_core.shell:Creating prefix script '/home/orangepi/freertos_microros/microros_ws/install/local_setup.ps1'
[5.778s] INFO:colcon.colcon_core.shell:Creating prefix util module '/home/orangepi/freertos_microros/microros_ws/install/_local_setup_util_ps1.py'
[5.779s] INFO:colcon.colcon_core.shell:Creating prefix chain script '/home/orangepi/freertos_microros/microros_ws/install/setup.ps1'
[5.819s] INFO:colcon.colcon_core.shell:Creating prefix script '/home/orangepi/freertos_microros/microros_ws/install/local_setup.sh'
[5.819s] INFO:colcon.colcon_core.shell:Creating prefix util module '/home/orangepi/freertos_microros/microros_ws/install/_local_setup_util_sh.py'
[5.820s] INFO:colcon.colcon_core.shell:Creating prefix chain script '/home/orangepi/freertos_microros/microros_ws/install/setup.sh'
[5.859s] INFO:colcon.colcon_core.shell:Creating prefix script '/home/orangepi/freertos_microros/microros_ws/install/local_setup.bash'
[5.859s] INFO:colcon.colcon_core.shell:Creating prefix chain script '/home/orangepi/freertos_microros/microros_ws/install/setup.bash'
[5.898s] INFO:colcon.colcon_core.shell:Creating prefix script '/home/orangepi/freertos_microros/microros_ws/install/local_setup.zsh'
[5.899s] INFO:colcon.colcon_core.shell:Creating prefix chain script '/home/orangepi/freertos_microros/microros_ws/install/setup.zsh'
